{"level":"INFO","message":"[12:10:54.413 PM]: Creating new connection object"}
{"level":"INFO","message":"[12:10:54.562 PM]: Creating new connection object"}
{"level":"INFO","message":"[12:10:54.564 PM]: Creating new connection object"}
{"level":"INFO","message":"[12:10:54.608 PM]: Creating new connection object"}
{"level":"INFO","message":"[12:10:54.944 PM]: Creating new connection object"}
{"level":"INFO","message":"[12:10:54.959 PM]: Creating new connection object"}
{"level":"INFO","message":"[12:10:55.837 PM]: Creating new connection object"}
{"level":"INFO","message":"[12:10:56.093 PM]: Creating new connection object"}
{"level":"INFO","message":"[12:10:56.687 PM]: Creating new connection object"}
{"level":"INFO","message":"[12:10:56.701 PM]: Creating new connection object"}
{"level":"INFO","message":"[12:10:56.900 PM]: Creating new connection object"}
{"level":"INFO","message":"[12:10:56.909 PM]: Creating new connection object"}
{"level":"INFO","message":"[12:31:47.433 PM]: Creating new connection object"}
{"level":"INFO","message":"[12:31:47.442 PM]: Creating Connection[id: 2831d206-a87c-499f-b3ba-d9a0bf19917a] with host: cixxjbf-wp67697.snowflakecomputing.com, account: cixxjbf-wp67697, accessUrl: https://cixxjbf-wp67697.snowflakecomputing.com, user: bwan, password is provided, role: PUBLIC, database: FNF, schema: SAP_FNF, warehouse: DEV_WH, region: undefined, authenticator: SNOWFLAKE, ocsp mode: FAIL_OPEN, os: win32, os version: 10.0.26100"}
{"level":"INFO","message":"[12:31:47.443 PM]: Connection[id: 2831d206-a87c-499f-b3ba-d9a0bf19917a] additional details: passcode in password is provided, passcode is not provided, private key is not provided, application: undefined, client name: snowflake-sdk, client version: 1.15.0, retry timeout: 300, private key path: undefined, private key pass is not provided, client store temporary credential: false, browser response timeout: 120000"}
{"level":"INFO","message":"[12:31:47.443 PM]: Connection[id: 2831d206-a87c-499f-b3ba-d9a0bf19917a] - connection object created successfully."}
{"level":"INFO","message":"[12:31:47.444 PM]: Connection[id: 2831d206-a87c-499f-b3ba-d9a0bf19917a] - connecting. Associated Snowflake domain: GLOBAL"}
{"level":"INFO","message":"[12:31:47.446 PM]: Connection[id: 2831d206-a87c-499f-b3ba-d9a0bf19917a] - authentication successful using: SNOWFLAKE"}
{"level":"INFO","message":"[12:31:47.447 PM]: Trying to initialize Easy Logging"}
{"level":"INFO","message":"[12:31:47.457 PM]: No client config detected."}
{"level":"INFO","message":"[12:31:47.458 PM]: No config file path found. Client config will not be used."}
{"level":"INFO","message":"[12:31:47.458 PM]: Easy Logging is disabled as no config has been found"}
{"level":"INFO","message":"[12:31:47.460 PM]: Connection[id: 2831d206-a87c-499f-b3ba-d9a0bf19917a] - connected successfully after 15.978500000001077 milliseconds"}
{"level":"INFO","message":"[12:31:48.293 PM]: Creating new connection object"}
{"level":"INFO","message":"[12:31:48.294 PM]: Creating Connection[id: 2f820533-3616-44a2-8128-39d2f4d3fd7f] with host: cixxjbf-wp67697.snowflakecomputing.com, account: cixxjbf-wp67697, accessUrl: https://cixxjbf-wp67697.snowflakecomputing.com, user: bwan, password is provided, role: PUBLIC, database: FNF, schema: SAP_FNF, warehouse: DEV_WH, region: undefined, authenticator: SNOWFLAKE, ocsp mode: FAIL_OPEN, os: win32, os version: 10.0.26100"}
{"level":"INFO","message":"[12:31:48.294 PM]: Connection[id: 2f820533-3616-44a2-8128-39d2f4d3fd7f] additional details: passcode in password is provided, passcode is not provided, private key is not provided, application: undefined, client name: snowflake-sdk, client version: 1.15.0, retry timeout: 300, private key path: undefined, private key pass is not provided, client store temporary credential: false, browser response timeout: 120000"}
{"level":"INFO","message":"[12:31:48.294 PM]: Connection[id: 2f820533-3616-44a2-8128-39d2f4d3fd7f] - connection object created successfully."}
{"level":"INFO","message":"[12:31:48.295 PM]: Connection[id: 2f820533-3616-44a2-8128-39d2f4d3fd7f] - connecting. Associated Snowflake domain: GLOBAL"}
{"level":"INFO","message":"[12:31:48.295 PM]: Connection[id: 2f820533-3616-44a2-8128-39d2f4d3fd7f] - authentication successful using: SNOWFLAKE"}
{"level":"INFO","message":"[12:31:48.296 PM]: Connection[id: 2f820533-3616-44a2-8128-39d2f4d3fd7f] - connected successfully after 1.1730999999999767 milliseconds"}
{"level":"INFO","message":"[3:19:51.091 PM]: Creating new connection object"}
{"level":"INFO","message":"[3:19:51.100 PM]: Creating Connection[id: be2ed815-0078-4723-95c8-16200d281b9b] with host: cixxjbf-wp67697.snowflakecomputing.com, account: cixxjbf-wp67697, accessUrl: https://cixxjbf-wp67697.snowflakecomputing.com, user: bwan, password is provided, role: PUBLIC, database: FNF, schema: SAP_FNF, warehouse: DEV_WH, region: undefined, authenticator: SNOWFLAKE, ocsp mode: FAIL_OPEN, os: win32, os version: 10.0.26100"}
{"level":"INFO","message":"[3:19:51.101 PM]: Connection[id: be2ed815-0078-4723-95c8-16200d281b9b] additional details: passcode in password is provided, passcode is not provided, private key is not provided, application: undefined, client name: snowflake-sdk, client version: 1.15.0, retry timeout: 300, private key path: undefined, private key pass is not provided, client store temporary credential: false, browser response timeout: 120000"}
{"level":"INFO","message":"[3:19:51.102 PM]: Connection[id: be2ed815-0078-4723-95c8-16200d281b9b] - connection object created successfully."}
{"level":"INFO","message":"[3:19:51.102 PM]: Connection[id: be2ed815-0078-4723-95c8-16200d281b9b] - connecting. Associated Snowflake domain: GLOBAL"}
{"level":"INFO","message":"[3:19:51.103 PM]: Connection[id: be2ed815-0078-4723-95c8-16200d281b9b] - authentication successful using: SNOWFLAKE"}
{"level":"INFO","message":"[3:19:51.104 PM]: Trying to initialize Easy Logging"}
{"level":"INFO","message":"[3:19:51.107 PM]: No client config detected."}
{"level":"INFO","message":"[3:19:51.107 PM]: No config file path found. Client config will not be used."}
{"level":"INFO","message":"[3:19:51.107 PM]: Easy Logging is disabled as no config has been found"}
{"level":"INFO","message":"[3:19:51.110 PM]: Connection[id: be2ed815-0078-4723-95c8-16200d281b9b] - connected successfully after 7.820800000001327 milliseconds"}
{"level":"INFO","message":"[6:48:54.914 PM]: Creating new connection object"}
{"level":"INFO","message":"[6:48:54.930 PM]: Creating Connection[id: f85bc4db-6244-485d-9b3f-0bdfd338fafd] with host: cixxjbf-wp67697.snowflakecomputing.com, account: cixxjbf-wp67697, accessUrl: https://cixxjbf-wp67697.snowflakecomputing.com, user: bwan, password is provided, role: undefined, database: FNF, schema: SAP_FNF, warehouse: DEV_WH, region: undefined, authenticator: SNOWFLAKE, ocsp mode: FAIL_OPEN, os: win32, os version: 10.0.26100"}
{"level":"INFO","message":"[6:48:54.932 PM]: Connection[id: f85bc4db-6244-485d-9b3f-0bdfd338fafd] additional details: passcode in password is provided, passcode is not provided, private key is not provided, application: undefined, client name: snowflake-sdk, client version: 1.15.0, retry timeout: 300, private key path: undefined, private key pass is not provided, client store temporary credential: false, browser response timeout: 120000"}
{"level":"INFO","message":"[6:48:54.933 PM]: Connection[id: f85bc4db-6244-485d-9b3f-0bdfd338fafd] - connection object created successfully."}
{"level":"INFO","message":"[6:48:54.934 PM]: Connection[id: f85bc4db-6244-485d-9b3f-0bdfd338fafd] - connecting. Associated Snowflake domain: GLOBAL"}
{"level":"INFO","message":"[6:48:54.935 PM]: Connection[id: f85bc4db-6244-485d-9b3f-0bdfd338fafd] - authentication successful using: SNOWFLAKE"}
{"level":"INFO","message":"[6:48:54.936 PM]: Trying to initialize Easy Logging"}
{"level":"INFO","message":"[6:48:54.951 PM]: No client config detected."}
{"level":"INFO","message":"[6:48:54.951 PM]: No config file path found. Client config will not be used."}
{"level":"INFO","message":"[6:48:54.952 PM]: Easy Logging is disabled as no config has been found"}
{"level":"INFO","message":"[6:48:54.956 PM]: Connection[id: f85bc4db-6244-485d-9b3f-0bdfd338fafd] - connected successfully after 22.00640000000203 milliseconds"}
{"level":"INFO","message":"[7:23:03.448 PM]: Creating new connection object"}
{"level":"INFO","message":"[7:23:03.456 PM]: Creating Connection[id: 979facaa-130b-4553-a566-a5f7e25b59f4] with host: cixxjbf-wp67697.snowflakecomputing.com, account: cixxjbf-wp67697, accessUrl: https://cixxjbf-wp67697.snowflakecomputing.com, user: bwan, password is provided, role: undefined, database: FNF, schema: SAP_FNF, warehouse: DEV_WH, region: undefined, authenticator: SNOWFLAKE, ocsp mode: FAIL_OPEN, os: win32, os version: 10.0.26100"}
{"level":"INFO","message":"[7:23:03.457 PM]: Connection[id: 979facaa-130b-4553-a566-a5f7e25b59f4] additional details: passcode in password is provided, passcode is not provided, private key is not provided, application: undefined, client name: snowflake-sdk, client version: 1.15.0, retry timeout: 300, private key path: undefined, private key pass is not provided, client store temporary credential: false, browser response timeout: 120000"}
{"level":"INFO","message":"[7:23:03.457 PM]: Connection[id: 979facaa-130b-4553-a566-a5f7e25b59f4] - connection object created successfully."}
{"level":"INFO","message":"[7:23:03.458 PM]: Connection[id: 979facaa-130b-4553-a566-a5f7e25b59f4] - connecting. Associated Snowflake domain: GLOBAL"}
{"level":"INFO","message":"[7:23:03.459 PM]: Connection[id: 979facaa-130b-4553-a566-a5f7e25b59f4] - authentication successful using: SNOWFLAKE"}
{"level":"INFO","message":"[7:23:03.460 PM]: Trying to initialize Easy Logging"}
{"level":"INFO","message":"[7:23:03.462 PM]: No client config detected."}
{"level":"INFO","message":"[7:23:03.462 PM]: No config file path found. Client config will not be used."}
{"level":"INFO","message":"[7:23:03.463 PM]: Easy Logging is disabled as no config has been found"}
{"level":"INFO","message":"[7:23:03.466 PM]: Connection[id: 979facaa-130b-4553-a566-a5f7e25b59f4] - connected successfully after 7.493599999928847 milliseconds"}
{"level":"INFO","message":"[7:24:53.099 PM]: Creating new connection object"}
{"level":"INFO","message":"[7:24:53.106 PM]: Creating Connection[id: 9d11c96d-5aa1-41ee-88df-567f70fc0cd5] with host: cixxjbf-wp67697.snowflakecomputing.com, account: cixxjbf-wp67697, accessUrl: https://cixxjbf-wp67697.snowflakecomputing.com, user: bwan, password is provided, role: undefined, database: FNF, schema: SAP_FNF, warehouse: DEV_WH, region: undefined, authenticator: SNOWFLAKE, ocsp mode: FAIL_OPEN, os: win32, os version: 10.0.26100"}
{"level":"INFO","message":"[7:24:53.107 PM]: Connection[id: 9d11c96d-5aa1-41ee-88df-567f70fc0cd5] additional details: passcode in password is provided, passcode is not provided, private key is not provided, application: undefined, client name: snowflake-sdk, client version: 1.15.0, retry timeout: 300, private key path: undefined, private key pass is not provided, client store temporary credential: false, browser response timeout: 120000"}
{"level":"INFO","message":"[7:24:53.108 PM]: Connection[id: 9d11c96d-5aa1-41ee-88df-567f70fc0cd5] - connection object created successfully."}
{"level":"INFO","message":"[7:24:53.110 PM]: Connection[id: 9d11c96d-5aa1-41ee-88df-567f70fc0cd5] - connecting. Associated Snowflake domain: GLOBAL"}
{"level":"INFO","message":"[7:24:53.110 PM]: Connection[id: 9d11c96d-5aa1-41ee-88df-567f70fc0cd5] - authentication successful using: SNOWFLAKE"}
{"level":"INFO","message":"[7:24:53.111 PM]: Trying to initialize Easy Logging"}
{"level":"INFO","message":"[7:24:53.128 PM]: No client config detected."}
{"level":"INFO","message":"[7:24:53.128 PM]: No config file path found. Client config will not be used."}
{"level":"INFO","message":"[7:24:53.129 PM]: Easy Logging is disabled as no config has been found"}
{"level":"INFO","message":"[7:24:53.132 PM]: Connection[id: 9d11c96d-5aa1-41ee-88df-567f70fc0cd5] - connected successfully after 22.523800000548363 milliseconds"}
{"level":"INFO","message":"[7:25:12.845 PM]: Creating new connection object"}
{"level":"INFO","message":"[7:25:12.854 PM]: Creating Connection[id: 3aedd183-a804-43b2-b24b-404645814625] with host: cixxjbf-wp67697.snowflakecomputing.com, account: cixxjbf-wp67697, accessUrl: https://cixxjbf-wp67697.snowflakecomputing.com, user: bwan, password is provided, role: undefined, database: FNF, schema: SAP_FNF, warehouse: DEV_WH, region: undefined, authenticator: SNOWFLAKE, ocsp mode: FAIL_OPEN, os: win32, os version: 10.0.26100"}
{"level":"INFO","message":"[7:25:12.855 PM]: Connection[id: 3aedd183-a804-43b2-b24b-404645814625] additional details: passcode in password is provided, passcode is not provided, private key is not provided, application: undefined, client name: snowflake-sdk, client version: 1.15.0, retry timeout: 300, private key path: undefined, private key pass is not provided, client store temporary credential: false, browser response timeout: 120000"}
{"level":"INFO","message":"[7:25:12.855 PM]: Connection[id: 3aedd183-a804-43b2-b24b-404645814625] - connection object created successfully."}
{"level":"INFO","message":"[7:25:12.856 PM]: Connection[id: 3aedd183-a804-43b2-b24b-404645814625] - connecting. Associated Snowflake domain: GLOBAL"}
{"level":"INFO","message":"[7:25:12.857 PM]: Connection[id: 3aedd183-a804-43b2-b24b-404645814625] - authentication successful using: SNOWFLAKE"}
{"level":"INFO","message":"[7:25:12.859 PM]: Trying to initialize Easy Logging"}
{"level":"INFO","message":"[7:25:12.861 PM]: No client config detected."}
{"level":"INFO","message":"[7:25:12.862 PM]: No config file path found. Client config will not be used."}
{"level":"INFO","message":"[7:25:12.863 PM]: Easy Logging is disabled as no config has been found"}
{"level":"INFO","message":"[7:25:12.867 PM]: Connection[id: 3aedd183-a804-43b2-b24b-404645814625] - connected successfully after 10.570300000254065 milliseconds"}
{"level":"INFO","message":"[7:25:42.371 PM]: Creating new connection object"}
{"level":"INFO","message":"[7:25:42.383 PM]: Creating Connection[id: 0fb15db2-fd95-470f-8768-0e891cd5fb40] with host: cixxjbf-wp67697.snowflakecomputing.com, account: cixxjbf-wp67697, accessUrl: https://cixxjbf-wp67697.snowflakecomputing.com, user: bwan, password is provided, role: undefined, database: FNF, schema: SAP_FNF, warehouse: DEV_WH, region: undefined, authenticator: SNOWFLAKE, ocsp mode: FAIL_OPEN, os: win32, os version: 10.0.26100"}
{"level":"INFO","message":"[7:25:42.387 PM]: Connection[id: 0fb15db2-fd95-470f-8768-0e891cd5fb40] additional details: passcode in password is provided, passcode is not provided, private key is not provided, application: undefined, client name: snowflake-sdk, client version: 1.15.0, retry timeout: 300, private key path: undefined, private key pass is not provided, client store temporary credential: false, browser response timeout: 120000"}
{"level":"INFO","message":"[7:25:42.393 PM]: Connection[id: 0fb15db2-fd95-470f-8768-0e891cd5fb40] - connection object created successfully."}
{"level":"INFO","message":"[7:25:42.396 PM]: Connection[id: 0fb15db2-fd95-470f-8768-0e891cd5fb40] - connecting. Associated Snowflake domain: GLOBAL"}
{"level":"INFO","message":"[7:25:42.402 PM]: Connection[id: 0fb15db2-fd95-470f-8768-0e891cd5fb40] - authentication successful using: SNOWFLAKE"}
{"level":"INFO","message":"[7:25:42.409 PM]: Trying to initialize Easy Logging"}
{"level":"INFO","message":"[7:25:42.419 PM]: No client config detected."}
{"level":"INFO","message":"[7:25:42.420 PM]: No config file path found. Client config will not be used."}
{"level":"INFO","message":"[7:25:42.421 PM]: Easy Logging is disabled as no config has been found"}
{"level":"INFO","message":"[7:25:42.424 PM]: Connection[id: 0fb15db2-fd95-470f-8768-0e891cd5fb40] - connected successfully after 27.151899999938905 milliseconds"}
{"level":"INFO","message":"[7:26:11.247 PM]: Creating new connection object"}
{"level":"INFO","message":"[7:26:11.253 PM]: Creating Connection[id: b0c0246e-19b9-451b-8461-14e8d4fc1a6a] with host: cixxjbf-wp67697.snowflakecomputing.com, account: cixxjbf-wp67697, accessUrl: https://cixxjbf-wp67697.snowflakecomputing.com, user: bwan, password is provided, role: undefined, database: FNF, schema: SAP_FNF, warehouse: DEV_WH, region: undefined, authenticator: SNOWFLAKE, ocsp mode: FAIL_OPEN, os: win32, os version: 10.0.26100"}
{"level":"INFO","message":"[7:26:11.254 PM]: Connection[id: b0c0246e-19b9-451b-8461-14e8d4fc1a6a] additional details: passcode in password is provided, passcode is not provided, private key is not provided, application: undefined, client name: snowflake-sdk, client version: 1.15.0, retry timeout: 300, private key path: undefined, private key pass is not provided, client store temporary credential: false, browser response timeout: 120000"}
{"level":"INFO","message":"[7:26:11.254 PM]: Connection[id: b0c0246e-19b9-451b-8461-14e8d4fc1a6a] - connection object created successfully."}
{"level":"INFO","message":"[7:26:11.255 PM]: Connection[id: b0c0246e-19b9-451b-8461-14e8d4fc1a6a] - connecting. Associated Snowflake domain: GLOBAL"}
{"level":"INFO","message":"[7:26:11.256 PM]: Connection[id: b0c0246e-19b9-451b-8461-14e8d4fc1a6a] - authentication successful using: SNOWFLAKE"}
{"level":"INFO","message":"[7:26:11.257 PM]: Trying to initialize Easy Logging"}
{"level":"INFO","message":"[7:26:11.259 PM]: No client config detected."}
{"level":"INFO","message":"[7:26:11.259 PM]: No config file path found. Client config will not be used."}
{"level":"INFO","message":"[7:26:11.260 PM]: Easy Logging is disabled as no config has been found"}
{"level":"INFO","message":"[7:26:11.261 PM]: Connection[id: b0c0246e-19b9-451b-8461-14e8d4fc1a6a] - connected successfully after 6.3511999999172986 milliseconds"}
{"level":"INFO","message":"[7:26:57.556 PM]: Creating new connection object"}
{"level":"INFO","message":"[7:26:57.559 PM]: Creating Connection[id: 5e50faef-170d-4d08-a1a4-0f9a34e9afdc] with host: cixxjbf-wp67697.snowflakecomputing.com, account: cixxjbf-wp67697, accessUrl: https://cixxjbf-wp67697.snowflakecomputing.com, user: bwan, password is provided, role: undefined, database: FNF, schema: SAP_FNF, warehouse: DEV_WH, region: undefined, authenticator: SNOWFLAKE, ocsp mode: FAIL_OPEN, os: win32, os version: 10.0.26100"}
{"level":"INFO","message":"[7:26:57.560 PM]: Connection[id: 5e50faef-170d-4d08-a1a4-0f9a34e9afdc] additional details: passcode in password is provided, passcode is not provided, private key is not provided, application: undefined, client name: snowflake-sdk, client version: 1.15.0, retry timeout: 300, private key path: undefined, private key pass is not provided, client store temporary credential: false, browser response timeout: 120000"}
{"level":"INFO","message":"[7:26:57.560 PM]: Connection[id: 5e50faef-170d-4d08-a1a4-0f9a34e9afdc] - connection object created successfully."}
{"level":"INFO","message":"[7:26:57.560 PM]: Connection[id: 5e50faef-170d-4d08-a1a4-0f9a34e9afdc] - connecting. Associated Snowflake domain: GLOBAL"}
{"level":"INFO","message":"[7:26:57.560 PM]: Connection[id: 5e50faef-170d-4d08-a1a4-0f9a34e9afdc] - authentication successful using: SNOWFLAKE"}
{"level":"INFO","message":"[7:26:57.561 PM]: Trying to initialize Easy Logging"}
{"level":"INFO","message":"[7:26:57.561 PM]: No client config detected."}
{"level":"INFO","message":"[7:26:57.562 PM]: No config file path found. Client config will not be used."}
{"level":"INFO","message":"[7:26:57.562 PM]: Easy Logging is disabled as no config has been found"}
{"level":"INFO","message":"[7:26:57.563 PM]: Connection[id: 5e50faef-170d-4d08-a1a4-0f9a34e9afdc] - connected successfully after 2.908899999689311 milliseconds"}
{"level":"INFO","message":"[7:27:14.147 PM]: Creating new connection object"}
{"level":"INFO","message":"[7:27:14.151 PM]: Creating Connection[id: bf04d606-3dac-4245-ba1d-526769c0e755] with host: cixxjbf-wp67697.snowflakecomputing.com, account: cixxjbf-wp67697, accessUrl: https://cixxjbf-wp67697.snowflakecomputing.com, user: bwan, password is provided, role: undefined, database: FNF, schema: SAP_FNF, warehouse: DEV_WH, region: undefined, authenticator: SNOWFLAKE, ocsp mode: FAIL_OPEN, os: win32, os version: 10.0.26100"}
{"level":"INFO","message":"[7:27:14.152 PM]: Connection[id: bf04d606-3dac-4245-ba1d-526769c0e755] additional details: passcode in password is provided, passcode is not provided, private key is not provided, application: undefined, client name: snowflake-sdk, client version: 1.15.0, retry timeout: 300, private key path: undefined, private key pass is not provided, client store temporary credential: false, browser response timeout: 120000"}
{"level":"INFO","message":"[7:27:14.152 PM]: Connection[id: bf04d606-3dac-4245-ba1d-526769c0e755] - connection object created successfully."}
{"level":"INFO","message":"[7:27:14.153 PM]: Connection[id: bf04d606-3dac-4245-ba1d-526769c0e755] - connecting. Associated Snowflake domain: GLOBAL"}
{"level":"INFO","message":"[7:27:14.153 PM]: Connection[id: bf04d606-3dac-4245-ba1d-526769c0e755] - authentication successful using: SNOWFLAKE"}
{"level":"INFO","message":"[7:27:14.153 PM]: Trying to initialize Easy Logging"}
{"level":"INFO","message":"[7:27:14.154 PM]: No client config detected."}
{"level":"INFO","message":"[7:27:14.154 PM]: No config file path found. Client config will not be used."}
{"level":"INFO","message":"[7:27:14.154 PM]: Easy Logging is disabled as no config has been found"}
{"level":"INFO","message":"[7:27:14.156 PM]: Connection[id: bf04d606-3dac-4245-ba1d-526769c0e755] - connected successfully after 3.3431000001728535 milliseconds"}
{"level":"INFO","message":"[7:29:18.549 PM]: Creating new connection object"}
{"level":"INFO","message":"[7:29:18.558 PM]: Creating Connection[id: 19a0ef4f-339e-435f-86de-d0425c8aac04] with host: cixxjbf-wp67697.snowflakecomputing.com, account: cixxjbf-wp67697, accessUrl: https://cixxjbf-wp67697.snowflakecomputing.com, user: bwan, password is provided, role: undefined, database: FNF, schema: SAP_FNF, warehouse: DEV_WH, region: undefined, authenticator: SNOWFLAKE, ocsp mode: FAIL_OPEN, os: win32, os version: 10.0.26100"}
{"level":"INFO","message":"[7:29:18.559 PM]: Connection[id: 19a0ef4f-339e-435f-86de-d0425c8aac04] additional details: passcode in password is provided, passcode is not provided, private key is not provided, application: undefined, client name: snowflake-sdk, client version: 1.15.0, retry timeout: 300, private key path: undefined, private key pass is not provided, client store temporary credential: false, browser response timeout: 120000"}
{"level":"INFO","message":"[7:29:18.559 PM]: Connection[id: 19a0ef4f-339e-435f-86de-d0425c8aac04] - connection object created successfully."}
{"level":"INFO","message":"[7:29:18.560 PM]: Connection[id: 19a0ef4f-339e-435f-86de-d0425c8aac04] - connecting. Associated Snowflake domain: GLOBAL"}
{"level":"INFO","message":"[7:29:18.561 PM]: Connection[id: 19a0ef4f-339e-435f-86de-d0425c8aac04] - authentication successful using: SNOWFLAKE"}
{"level":"INFO","message":"[7:29:18.562 PM]: Trying to initialize Easy Logging"}
{"level":"INFO","message":"[7:29:18.564 PM]: No client config detected."}
{"level":"INFO","message":"[7:29:18.564 PM]: No config file path found. Client config will not be used."}
{"level":"INFO","message":"[7:29:18.564 PM]: Easy Logging is disabled as no config has been found"}
{"level":"INFO","message":"[7:29:18.566 PM]: Connection[id: 19a0ef4f-339e-435f-86de-d0425c8aac04] - connected successfully after 6.050599999725819 milliseconds"}
{"level":"INFO","message":"[7:29:22.265 PM]: Creating new connection object"}
{"level":"INFO","message":"[7:29:22.269 PM]: Creating Connection[id: fc0df3b2-f7ca-47d5-bea7-3e9cc8a82977] with host: cixxjbf-wp67697.snowflakecomputing.com, account: cixxjbf-wp67697, accessUrl: https://cixxjbf-wp67697.snowflakecomputing.com, user: bwan, password is provided, role: undefined, database: FNF, schema: SAP_FNF, warehouse: DEV_WH, region: undefined, authenticator: SNOWFLAKE, ocsp mode: FAIL_OPEN, os: win32, os version: 10.0.26100"}
{"level":"INFO","message":"[7:29:22.269 PM]: Connection[id: fc0df3b2-f7ca-47d5-bea7-3e9cc8a82977] additional details: passcode in password is provided, passcode is not provided, private key is not provided, application: undefined, client name: snowflake-sdk, client version: 1.15.0, retry timeout: 300, private key path: undefined, private key pass is not provided, client store temporary credential: false, browser response timeout: 120000"}
{"level":"INFO","message":"[7:29:22.270 PM]: Connection[id: fc0df3b2-f7ca-47d5-bea7-3e9cc8a82977] - connection object created successfully."}
{"level":"INFO","message":"[7:29:22.270 PM]: Connection[id: fc0df3b2-f7ca-47d5-bea7-3e9cc8a82977] - connecting. Associated Snowflake domain: GLOBAL"}
{"level":"INFO","message":"[7:29:22.270 PM]: Connection[id: fc0df3b2-f7ca-47d5-bea7-3e9cc8a82977] - authentication successful using: SNOWFLAKE"}
{"level":"INFO","message":"[7:29:22.271 PM]: Trying to initialize Easy Logging"}
{"level":"INFO","message":"[7:29:22.272 PM]: No client config detected."}
{"level":"INFO","message":"[7:29:22.272 PM]: No config file path found. Client config will not be used."}
{"level":"INFO","message":"[7:29:22.273 PM]: Easy Logging is disabled as no config has been found"}
{"level":"INFO","message":"[7:29:22.275 PM]: Connection[id: fc0df3b2-f7ca-47d5-bea7-3e9cc8a82977] - connected successfully after 4.7510999999940395 milliseconds"}
{"level":"INFO","message":"[7:31:43.670 PM]: Creating new connection object"}
{"level":"INFO","message":"[7:31:43.677 PM]: Creating Connection[id: 79e072e3-a067-4661-8b9d-dcef9ef8a888] with host: cixxjbf-wp67697.snowflakecomputing.com, account: cixxjbf-wp67697, accessUrl: https://cixxjbf-wp67697.snowflakecomputing.com, user: bwan, password is provided, role: undefined, database: FNF, schema: SAP_FNF, warehouse: DEV_WH, region: undefined, authenticator: SNOWFLAKE, ocsp mode: FAIL_OPEN, os: win32, os version: 10.0.26100"}
{"level":"INFO","message":"[7:31:43.678 PM]: Connection[id: 79e072e3-a067-4661-8b9d-dcef9ef8a888] additional details: passcode in password is provided, passcode is not provided, private key is not provided, application: undefined, client name: snowflake-sdk, client version: 1.15.0, retry timeout: 300, private key path: undefined, private key pass is not provided, client store temporary credential: false, browser response timeout: 120000"}
{"level":"INFO","message":"[7:31:43.678 PM]: Connection[id: 79e072e3-a067-4661-8b9d-dcef9ef8a888] - connection object created successfully."}
{"level":"INFO","message":"[7:31:43.679 PM]: Connection[id: 79e072e3-a067-4661-8b9d-dcef9ef8a888] - connecting. Associated Snowflake domain: GLOBAL"}
{"level":"INFO","message":"[7:31:43.679 PM]: Connection[id: 79e072e3-a067-4661-8b9d-dcef9ef8a888] - authentication successful using: SNOWFLAKE"}
{"level":"INFO","message":"[7:31:43.680 PM]: Trying to initialize Easy Logging"}
{"level":"INFO","message":"[7:31:43.681 PM]: No client config detected."}
{"level":"INFO","message":"[7:31:43.682 PM]: No config file path found. Client config will not be used."}
{"level":"INFO","message":"[7:31:43.682 PM]: Easy Logging is disabled as no config has been found"}
{"level":"INFO","message":"[7:31:43.685 PM]: Connection[id: 79e072e3-a067-4661-8b9d-dcef9ef8a888] - connected successfully after 5.848699999973178 milliseconds"}
{"level":"INFO","message":"[7:32:09.436 PM]: Creating new connection object"}
{"level":"INFO","message":"[7:32:09.447 PM]: Creating Connection[id: cf3aca3f-8461-4bbd-ab76-1a6b2ffb1205] with host: cixxjbf-wp67697.snowflakecomputing.com, account: cixxjbf-wp67697, accessUrl: https://cixxjbf-wp67697.snowflakecomputing.com, user: bwan, password is provided, role: undefined, database: FNF, schema: SAP_FNF, warehouse: DEV_WH, region: undefined, authenticator: SNOWFLAKE, ocsp mode: FAIL_OPEN, os: win32, os version: 10.0.26100"}
{"level":"INFO","message":"[7:32:09.448 PM]: Connection[id: cf3aca3f-8461-4bbd-ab76-1a6b2ffb1205] additional details: passcode in password is provided, passcode is not provided, private key is not provided, application: undefined, client name: snowflake-sdk, client version: 1.15.0, retry timeout: 300, private key path: undefined, private key pass is not provided, client store temporary credential: false, browser response timeout: 120000"}
{"level":"INFO","message":"[7:32:09.448 PM]: Connection[id: cf3aca3f-8461-4bbd-ab76-1a6b2ffb1205] - connection object created successfully."}
{"level":"INFO","message":"[7:32:09.449 PM]: Connection[id: cf3aca3f-8461-4bbd-ab76-1a6b2ffb1205] - connecting. Associated Snowflake domain: GLOBAL"}
{"level":"INFO","message":"[7:32:09.449 PM]: Connection[id: cf3aca3f-8461-4bbd-ab76-1a6b2ffb1205] - authentication successful using: SNOWFLAKE"}
{"level":"INFO","message":"[7:32:09.450 PM]: Trying to initialize Easy Logging"}
{"level":"INFO","message":"[7:32:09.452 PM]: No client config detected."}
{"level":"INFO","message":"[7:32:09.452 PM]: No config file path found. Client config will not be used."}
{"level":"INFO","message":"[7:32:09.452 PM]: Easy Logging is disabled as no config has been found"}
{"level":"INFO","message":"[7:32:09.455 PM]: Connection[id: cf3aca3f-8461-4bbd-ab76-1a6b2ffb1205] - connected successfully after 5.622700000181794 milliseconds"}
{"level":"INFO","message":"[7:32:38.180 PM]: Creating new connection object"}
{"level":"INFO","message":"[7:32:38.183 PM]: Creating Connection[id: 6c36ce0c-b6eb-469a-bc0c-1627702c62dc] with host: cixxjbf-wp67697.snowflakecomputing.com, account: cixxjbf-wp67697, accessUrl: https://cixxjbf-wp67697.snowflakecomputing.com, user: bwan, password is provided, role: undefined, database: FNF, schema: SAP_FNF, warehouse: DEV_WH, region: undefined, authenticator: SNOWFLAKE, ocsp mode: FAIL_OPEN, os: win32, os version: 10.0.26100"}
{"level":"INFO","message":"[7:32:38.183 PM]: Connection[id: 6c36ce0c-b6eb-469a-bc0c-1627702c62dc] additional details: passcode in password is provided, passcode is not provided, private key is not provided, application: undefined, client name: snowflake-sdk, client version: 1.15.0, retry timeout: 300, private key path: undefined, private key pass is not provided, client store temporary credential: false, browser response timeout: 120000"}
{"level":"INFO","message":"[7:32:38.184 PM]: Connection[id: 6c36ce0c-b6eb-469a-bc0c-1627702c62dc] - connection object created successfully."}
{"level":"INFO","message":"[7:32:38.184 PM]: Connection[id: 6c36ce0c-b6eb-469a-bc0c-1627702c62dc] - connecting. Associated Snowflake domain: GLOBAL"}
{"level":"INFO","message":"[7:32:38.184 PM]: Connection[id: 6c36ce0c-b6eb-469a-bc0c-1627702c62dc] - authentication successful using: SNOWFLAKE"}
{"level":"INFO","message":"[7:32:38.185 PM]: Trying to initialize Easy Logging"}
{"level":"INFO","message":"[7:32:38.186 PM]: No client config detected."}
{"level":"INFO","message":"[7:32:38.186 PM]: No config file path found. Client config will not be used."}
{"level":"INFO","message":"[7:32:38.187 PM]: Easy Logging is disabled as no config has been found"}
{"level":"INFO","message":"[7:32:38.188 PM]: Connection[id: 6c36ce0c-b6eb-469a-bc0c-1627702c62dc] - connected successfully after 3.7209000000730157 milliseconds"}
{"level":"INFO","message":"[7:41:13.233 PM]: Creating new connection object"}
{"level":"INFO","message":"[7:41:13.239 PM]: Creating Connection[id: 8f256e68-c2c6-4a7a-9aa4-cdc1532c6c56] with host: cixxjbf-wp67697.snowflakecomputing.com, account: cixxjbf-wp67697, accessUrl: https://cixxjbf-wp67697.snowflakecomputing.com, user: bwan, password is provided, role: undefined, database: FNF, schema: SAP_FNF, warehouse: DEV_WH, region: undefined, authenticator: SNOWFLAKE, ocsp mode: FAIL_OPEN, os: win32, os version: 10.0.26100"}
{"level":"INFO","message":"[7:41:13.240 PM]: Connection[id: 8f256e68-c2c6-4a7a-9aa4-cdc1532c6c56] additional details: passcode in password is provided, passcode is not provided, private key is not provided, application: undefined, client name: snowflake-sdk, client version: 1.15.0, retry timeout: 300, private key path: undefined, private key pass is not provided, client store temporary credential: false, browser response timeout: 120000"}
{"level":"INFO","message":"[7:41:13.240 PM]: Connection[id: 8f256e68-c2c6-4a7a-9aa4-cdc1532c6c56] - connection object created successfully."}
{"level":"INFO","message":"[7:41:13.241 PM]: Connection[id: 8f256e68-c2c6-4a7a-9aa4-cdc1532c6c56] - connecting. Associated Snowflake domain: GLOBAL"}
{"level":"INFO","message":"[7:41:13.241 PM]: Connection[id: 8f256e68-c2c6-4a7a-9aa4-cdc1532c6c56] - authentication successful using: SNOWFLAKE"}
{"level":"INFO","message":"[7:41:13.242 PM]: Trying to initialize Easy Logging"}
{"level":"INFO","message":"[7:41:13.245 PM]: No client config detected."}
{"level":"INFO","message":"[7:41:13.245 PM]: No config file path found. Client config will not be used."}
{"level":"INFO","message":"[7:41:13.245 PM]: Easy Logging is disabled as no config has been found"}
{"level":"INFO","message":"[7:41:13.248 PM]: Connection[id: 8f256e68-c2c6-4a7a-9aa4-cdc1532c6c56] - connected successfully after 7.045999999972992 milliseconds"}
{"level":"INFO","message":"[7:51:26.255 PM]: Creating new connection object"}
{"level":"INFO","message":"[7:51:26.262 PM]: Creating Connection[id: 0d937684-2b6d-454d-83b1-4d5b8fcf3afe] with host: cixxjbf-wp67697.snowflakecomputing.com, account: cixxjbf-wp67697, accessUrl: https://cixxjbf-wp67697.snowflakecomputing.com, user: bwan, password is provided, role: undefined, database: FNF, schema: SAP_FNF, warehouse: DEV_WH, region: undefined, authenticator: SNOWFLAKE, ocsp mode: FAIL_OPEN, os: win32, os version: 10.0.26100"}
{"level":"INFO","message":"[7:51:26.263 PM]: Connection[id: 0d937684-2b6d-454d-83b1-4d5b8fcf3afe] additional details: passcode in password is provided, passcode is not provided, private key is not provided, application: undefined, client name: snowflake-sdk, client version: 1.15.0, retry timeout: 300, private key path: undefined, private key pass is not provided, client store temporary credential: false, browser response timeout: 120000"}
{"level":"INFO","message":"[7:51:26.263 PM]: Connection[id: 0d937684-2b6d-454d-83b1-4d5b8fcf3afe] - connection object created successfully."}
{"level":"INFO","message":"[7:51:26.264 PM]: Connection[id: 0d937684-2b6d-454d-83b1-4d5b8fcf3afe] - connecting. Associated Snowflake domain: GLOBAL"}
{"level":"INFO","message":"[7:51:26.264 PM]: Connection[id: 0d937684-2b6d-454d-83b1-4d5b8fcf3afe] - authentication successful using: SNOWFLAKE"}
{"level":"INFO","message":"[7:51:26.265 PM]: Trying to initialize Easy Logging"}
{"level":"INFO","message":"[7:51:26.274 PM]: No client config detected."}
{"level":"INFO","message":"[7:51:26.274 PM]: No config file path found. Client config will not be used."}
{"level":"INFO","message":"[7:51:26.275 PM]: Easy Logging is disabled as no config has been found"}
{"level":"INFO","message":"[7:51:26.277 PM]: Connection[id: 0d937684-2b6d-454d-83b1-4d5b8fcf3afe] - connected successfully after 13.525699999998324 milliseconds"}
{"level":"INFO","message":"[7:54:27.442 PM]: Creating new connection object"}
{"level":"INFO","message":"[7:54:27.458 PM]: Creating Connection[id: 96c18ce7-71d8-4ace-a1e8-b3d5215e4776] with host: cixxjbf-wp67697.snowflakecomputing.com, account: cixxjbf-wp67697, accessUrl: https://cixxjbf-wp67697.snowflakecomputing.com, user: bwan, password is provided, role: undefined, database: FNF, schema: SAP_FNF, warehouse: DEV_WH, region: undefined, authenticator: SNOWFLAKE, ocsp mode: FAIL_OPEN, os: win32, os version: 10.0.26100"}
{"level":"INFO","message":"[7:54:27.459 PM]: Connection[id: 96c18ce7-71d8-4ace-a1e8-b3d5215e4776] additional details: passcode in password is provided, passcode is not provided, private key is not provided, application: undefined, client name: snowflake-sdk, client version: 1.15.0, retry timeout: 300, private key path: undefined, private key pass is not provided, client store temporary credential: false, browser response timeout: 120000"}
{"level":"INFO","message":"[7:54:27.460 PM]: Connection[id: 96c18ce7-71d8-4ace-a1e8-b3d5215e4776] - connection object created successfully."}
{"level":"INFO","message":"[7:54:27.461 PM]: Connection[id: 96c18ce7-71d8-4ace-a1e8-b3d5215e4776] - connecting. Associated Snowflake domain: GLOBAL"}
{"level":"INFO","message":"[7:54:27.462 PM]: Connection[id: 96c18ce7-71d8-4ace-a1e8-b3d5215e4776] - authentication successful using: SNOWFLAKE"}
{"level":"INFO","message":"[7:54:27.463 PM]: Trying to initialize Easy Logging"}
{"level":"INFO","message":"[7:54:27.475 PM]: No client config detected."}
{"level":"INFO","message":"[7:54:27.476 PM]: No config file path found. Client config will not be used."}
{"level":"INFO","message":"[7:54:27.476 PM]: Easy Logging is disabled as no config has been found"}
{"level":"INFO","message":"[7:54:27.480 PM]: Connection[id: 96c18ce7-71d8-4ace-a1e8-b3d5215e4776] - connected successfully after 19.360099999932572 milliseconds"}
{"level":"INFO","message":"[7:56:26.841 PM]: Creating new connection object"}
{"level":"INFO","message":"[7:56:26.849 PM]: Creating Connection[id: 310b938e-f8c9-4cc1-be43-d00ac3c6aa02] with host: cixxjbf-wp67697.snowflakecomputing.com, account: cixxjbf-wp67697, accessUrl: https://cixxjbf-wp67697.snowflakecomputing.com, user: bwan, password is provided, role: undefined, database: FNF, schema: SAP_FNF, warehouse: DEV_WH, region: undefined, authenticator: SNOWFLAKE, ocsp mode: FAIL_OPEN, os: win32, os version: 10.0.26100"}
{"level":"INFO","message":"[7:56:26.850 PM]: Connection[id: 310b938e-f8c9-4cc1-be43-d00ac3c6aa02] additional details: passcode in password is provided, passcode is not provided, private key is not provided, application: undefined, client name: snowflake-sdk, client version: 1.15.0, retry timeout: 300, private key path: undefined, private key pass is not provided, client store temporary credential: false, browser response timeout: 120000"}
{"level":"INFO","message":"[7:56:26.850 PM]: Connection[id: 310b938e-f8c9-4cc1-be43-d00ac3c6aa02] - connection object created successfully."}
{"level":"INFO","message":"[7:56:26.851 PM]: Connection[id: 310b938e-f8c9-4cc1-be43-d00ac3c6aa02] - connecting. Associated Snowflake domain: GLOBAL"}
{"level":"INFO","message":"[7:56:26.851 PM]: Connection[id: 310b938e-f8c9-4cc1-be43-d00ac3c6aa02] - authentication successful using: SNOWFLAKE"}
{"level":"INFO","message":"[7:56:26.852 PM]: Trying to initialize Easy Logging"}
{"level":"INFO","message":"[7:56:26.862 PM]: No client config detected."}
{"level":"INFO","message":"[7:56:26.863 PM]: No config file path found. Client config will not be used."}
{"level":"INFO","message":"[7:56:26.863 PM]: Easy Logging is disabled as no config has been found"}
{"level":"INFO","message":"[7:56:26.868 PM]: Connection[id: 310b938e-f8c9-4cc1-be43-d00ac3c6aa02] - connected successfully after 16.958600000012666 milliseconds"}
{"level":"INFO","message":"[7:56:58.941 PM]: Creating new connection object"}
{"level":"INFO","message":"[7:56:58.949 PM]: Creating Connection[id: 96d718b0-7144-419a-838f-6fdb442eca53] with host: cixxjbf-wp67697.snowflakecomputing.com, account: cixxjbf-wp67697, accessUrl: https://cixxjbf-wp67697.snowflakecomputing.com, user: bwan, password is provided, role: undefined, database: FNF, schema: SAP_FNF, warehouse: DEV_WH, region: undefined, authenticator: SNOWFLAKE, ocsp mode: FAIL_OPEN, os: win32, os version: 10.0.26100"}
{"level":"INFO","message":"[7:56:58.950 PM]: Connection[id: 96d718b0-7144-419a-838f-6fdb442eca53] additional details: passcode in password is provided, passcode is not provided, private key is not provided, application: undefined, client name: snowflake-sdk, client version: 1.15.0, retry timeout: 300, private key path: undefined, private key pass is not provided, client store temporary credential: false, browser response timeout: 120000"}
{"level":"INFO","message":"[7:56:58.950 PM]: Connection[id: 96d718b0-7144-419a-838f-6fdb442eca53] - connection object created successfully."}
{"level":"INFO","message":"[7:56:58.950 PM]: Connection[id: 96d718b0-7144-419a-838f-6fdb442eca53] - connecting. Associated Snowflake domain: GLOBAL"}
{"level":"INFO","message":"[7:56:58.951 PM]: Connection[id: 96d718b0-7144-419a-838f-6fdb442eca53] - authentication successful using: SNOWFLAKE"}
{"level":"INFO","message":"[7:56:58.951 PM]: Trying to initialize Easy Logging"}
{"level":"INFO","message":"[7:56:58.968 PM]: No client config detected."}
{"level":"INFO","message":"[7:56:58.968 PM]: No config file path found. Client config will not be used."}
{"level":"INFO","message":"[7:56:58.968 PM]: Easy Logging is disabled as no config has been found"}
{"level":"INFO","message":"[7:56:58.970 PM]: Connection[id: 96d718b0-7144-419a-838f-6fdb442eca53] - connected successfully after 19.679299999959767 milliseconds"}
{"level":"INFO","message":"[7:56:59.845 PM]: Creating new connection object"}
{"level":"INFO","message":"[7:56:59.848 PM]: Creating Connection[id: 2c2d6c5b-f8d5-4116-9770-46618ae5f8c0] with host: cixxjbf-wp67697.snowflakecomputing.com, account: cixxjbf-wp67697, accessUrl: https://cixxjbf-wp67697.snowflakecomputing.com, user: bwan, password is provided, role: undefined, database: FNF, schema: SAP_FNF, warehouse: DEV_WH, region: undefined, authenticator: SNOWFLAKE, ocsp mode: FAIL_OPEN, os: win32, os version: 10.0.26100"}
{"level":"INFO","message":"[7:56:59.849 PM]: Connection[id: 2c2d6c5b-f8d5-4116-9770-46618ae5f8c0] additional details: passcode in password is provided, passcode is not provided, private key is not provided, application: undefined, client name: snowflake-sdk, client version: 1.15.0, retry timeout: 300, private key path: undefined, private key pass is not provided, client store temporary credential: false, browser response timeout: 120000"}
{"level":"INFO","message":"[7:56:59.849 PM]: Connection[id: 2c2d6c5b-f8d5-4116-9770-46618ae5f8c0] - connection object created successfully."}
{"level":"INFO","message":"[7:56:59.849 PM]: Connection[id: 2c2d6c5b-f8d5-4116-9770-46618ae5f8c0] - connecting. Associated Snowflake domain: GLOBAL"}
{"level":"INFO","message":"[7:56:59.850 PM]: Connection[id: 2c2d6c5b-f8d5-4116-9770-46618ae5f8c0] - authentication successful using: SNOWFLAKE"}
{"level":"INFO","message":"[7:56:59.850 PM]: Trying to initialize Easy Logging"}
{"level":"INFO","message":"[7:56:59.850 PM]: No client config detected."}
{"level":"INFO","message":"[7:56:59.851 PM]: No config file path found. Client config will not be used."}
{"level":"INFO","message":"[7:56:59.851 PM]: Easy Logging is disabled as no config has been found"}
{"level":"INFO","message":"[7:56:59.852 PM]: Connection[id: 2c2d6c5b-f8d5-4116-9770-46618ae5f8c0] - connected successfully after 2.3266999998595566 milliseconds"}
{"level":"INFO","message":"[7:58:44.017 PM]: Creating new connection object"}
{"level":"INFO","message":"[7:58:44.026 PM]: Creating Connection[id: 5d54220a-08f2-4902-aced-310533f16e79] with host: cixxjbf-wp67697.snowflakecomputing.com, account: cixxjbf-wp67697, accessUrl: https://cixxjbf-wp67697.snowflakecomputing.com, user: bwan, password is provided, role: undefined, database: FNF, schema: SAP_FNF, warehouse: DEV_WH, region: undefined, authenticator: SNOWFLAKE, ocsp mode: FAIL_OPEN, os: win32, os version: 10.0.26100"}
{"level":"INFO","message":"[7:58:44.027 PM]: Connection[id: 5d54220a-08f2-4902-aced-310533f16e79] additional details: passcode in password is provided, passcode is not provided, private key is not provided, application: undefined, client name: snowflake-sdk, client version: 1.15.0, retry timeout: 300, private key path: undefined, private key pass is not provided, client store temporary credential: false, browser response timeout: 120000"}
{"level":"INFO","message":"[7:58:44.028 PM]: Connection[id: 5d54220a-08f2-4902-aced-310533f16e79] - connection object created successfully."}
{"level":"INFO","message":"[7:58:44.029 PM]: Connection[id: 5d54220a-08f2-4902-aced-310533f16e79] - connecting. Associated Snowflake domain: GLOBAL"}
{"level":"INFO","message":"[7:58:44.029 PM]: Connection[id: 5d54220a-08f2-4902-aced-310533f16e79] - authentication successful using: SNOWFLAKE"}
{"level":"INFO","message":"[7:58:44.030 PM]: Trying to initialize Easy Logging"}
{"level":"INFO","message":"[7:58:44.032 PM]: No client config detected."}
{"level":"INFO","message":"[7:58:44.033 PM]: No config file path found. Client config will not be used."}
{"level":"INFO","message":"[7:58:44.033 PM]: Easy Logging is disabled as no config has been found"}
{"level":"INFO","message":"[7:58:44.036 PM]: Connection[id: 5d54220a-08f2-4902-aced-310533f16e79] - connected successfully after 6.95450000022538 milliseconds"}
{"level":"INFO","message":"[7:59:16.644 PM]: Creating new connection object"}
{"level":"INFO","message":"[7:59:16.653 PM]: Creating Connection[id: 0c3103c7-c090-43ce-aa74-644674424b7f] with host: cixxjbf-wp67697.snowflakecomputing.com, account: cixxjbf-wp67697, accessUrl: https://cixxjbf-wp67697.snowflakecomputing.com, user: bwan, password is provided, role: undefined, database: FNF, schema: SAP_FNF, warehouse: DEV_WH, region: undefined, authenticator: SNOWFLAKE, ocsp mode: FAIL_OPEN, os: win32, os version: 10.0.26100"}
{"level":"INFO","message":"[7:59:16.654 PM]: Connection[id: 0c3103c7-c090-43ce-aa74-644674424b7f] additional details: passcode in password is provided, passcode is not provided, private key is not provided, application: undefined, client name: snowflake-sdk, client version: 1.15.0, retry timeout: 300, private key path: undefined, private key pass is not provided, client store temporary credential: false, browser response timeout: 120000"}
{"level":"INFO","message":"[7:59:16.655 PM]: Connection[id: 0c3103c7-c090-43ce-aa74-644674424b7f] - connection object created successfully."}
{"level":"INFO","message":"[7:59:16.656 PM]: Connection[id: 0c3103c7-c090-43ce-aa74-644674424b7f] - connecting. Associated Snowflake domain: GLOBAL"}
{"level":"INFO","message":"[7:59:16.657 PM]: Connection[id: 0c3103c7-c090-43ce-aa74-644674424b7f] - authentication successful using: SNOWFLAKE"}
{"level":"INFO","message":"[7:59:16.659 PM]: Trying to initialize Easy Logging"}
{"level":"INFO","message":"[7:59:16.663 PM]: No client config detected."}
{"level":"INFO","message":"[7:59:16.663 PM]: No config file path found. Client config will not be used."}
{"level":"INFO","message":"[7:59:16.664 PM]: Easy Logging is disabled as no config has been found"}
{"level":"INFO","message":"[7:59:16.667 PM]: Connection[id: 0c3103c7-c090-43ce-aa74-644674424b7f] - connected successfully after 11.6496000001207 milliseconds"}
{"level":"INFO","message":"[8:08:46.873 PM]: Creating new connection object"}
{"level":"INFO","message":"[8:08:46.884 PM]: Creating Connection[id: cb7d44a0-3e44-4dd4-a47d-eb88270af4f6] with host: cixxjbf-wp67697.snowflakecomputing.com, account: cixxjbf-wp67697, accessUrl: https://cixxjbf-wp67697.snowflakecomputing.com, user: bwan, password is provided, role: undefined, database: FNF, schema: SAP_FNF, warehouse: DEV_WH, region: undefined, authenticator: SNOWFLAKE, ocsp mode: FAIL_OPEN, os: win32, os version: 10.0.26100"}
{"level":"INFO","message":"[8:08:46.885 PM]: Connection[id: cb7d44a0-3e44-4dd4-a47d-eb88270af4f6] additional details: passcode in password is provided, passcode is not provided, private key is not provided, application: undefined, client name: snowflake-sdk, client version: 1.15.0, retry timeout: 300, private key path: undefined, private key pass is not provided, client store temporary credential: false, browser response timeout: 120000"}
{"level":"INFO","message":"[8:08:46.886 PM]: Connection[id: cb7d44a0-3e44-4dd4-a47d-eb88270af4f6] - connection object created successfully."}
{"level":"INFO","message":"[8:08:46.889 PM]: Connection[id: cb7d44a0-3e44-4dd4-a47d-eb88270af4f6] - connecting. Associated Snowflake domain: GLOBAL"}
{"level":"INFO","message":"[8:08:46.890 PM]: Connection[id: cb7d44a0-3e44-4dd4-a47d-eb88270af4f6] - authentication successful using: SNOWFLAKE"}
{"level":"INFO","message":"[8:08:46.891 PM]: Trying to initialize Easy Logging"}
{"level":"INFO","message":"[8:08:46.894 PM]: No client config detected."}
{"level":"INFO","message":"[8:08:46.894 PM]: No config file path found. Client config will not be used."}
{"level":"INFO","message":"[8:08:46.895 PM]: Easy Logging is disabled as no config has been found"}
{"level":"INFO","message":"[8:08:46.899 PM]: Connection[id: cb7d44a0-3e44-4dd4-a47d-eb88270af4f6] - connected successfully after 10.54729999997653 milliseconds"}
{"level":"INFO","message":"[8:13:16.717 PM]: Creating new connection object"}
{"level":"INFO","message":"[8:13:16.724 PM]: Creating Connection[id: 34d41d20-f5c7-4951-8cf8-b80fb3dcea9e] with host: cixxjbf-wp67697.snowflakecomputing.com, account: cixxjbf-wp67697, accessUrl: https://cixxjbf-wp67697.snowflakecomputing.com, user: bwan, password is provided, role: undefined, database: FNF, schema: SAP_FNF, warehouse: DEV_WH, region: undefined, authenticator: SNOWFLAKE, ocsp mode: FAIL_OPEN, os: win32, os version: 10.0.26100"}
{"level":"INFO","message":"[8:13:16.725 PM]: Connection[id: 34d41d20-f5c7-4951-8cf8-b80fb3dcea9e] additional details: passcode in password is provided, passcode is not provided, private key is not provided, application: undefined, client name: snowflake-sdk, client version: 1.15.0, retry timeout: 300, private key path: undefined, private key pass is not provided, client store temporary credential: false, browser response timeout: 120000"}
{"level":"INFO","message":"[8:13:16.726 PM]: Connection[id: 34d41d20-f5c7-4951-8cf8-b80fb3dcea9e] - connection object created successfully."}
{"level":"INFO","message":"[8:13:16.726 PM]: Connection[id: 34d41d20-f5c7-4951-8cf8-b80fb3dcea9e] - connecting. Associated Snowflake domain: GLOBAL"}
{"level":"INFO","message":"[8:13:16.727 PM]: Connection[id: 34d41d20-f5c7-4951-8cf8-b80fb3dcea9e] - authentication successful using: SNOWFLAKE"}
{"level":"INFO","message":"[8:13:16.727 PM]: Trying to initialize Easy Logging"}
{"level":"INFO","message":"[8:13:16.729 PM]: No client config detected."}
{"level":"INFO","message":"[8:13:16.729 PM]: No config file path found. Client config will not be used."}
{"level":"INFO","message":"[8:13:16.730 PM]: Easy Logging is disabled as no config has been found"}
{"level":"INFO","message":"[8:13:16.732 PM]: Connection[id: 34d41d20-f5c7-4951-8cf8-b80fb3dcea9e] - connected successfully after 5.802099999971688 milliseconds"}
{"level":"INFO","message":"[9:06:24.076 PM]: Creating new connection object"}
{"level":"INFO","message":"[9:06:24.085 PM]: Creating Connection[id: 4d44aca4-05be-4396-9217-99abc406591a] with host: cixxjbf-wp67697.snowflakecomputing.com, account: cixxjbf-wp67697, accessUrl: https://cixxjbf-wp67697.snowflakecomputing.com, user: bwan, password is provided, role: undefined, database: FNF, schema: SAP_FNF, warehouse: DEV_WH, region: undefined, authenticator: SNOWFLAKE, ocsp mode: FAIL_OPEN, os: win32, os version: 10.0.26100"}
{"level":"INFO","message":"[9:06:24.086 PM]: Connection[id: 4d44aca4-05be-4396-9217-99abc406591a] additional details: passcode in password is provided, passcode is not provided, private key is not provided, application: undefined, client name: snowflake-sdk, client version: 1.15.0, retry timeout: 300, private key path: undefined, private key pass is not provided, client store temporary credential: false, browser response timeout: 120000"}
{"level":"INFO","message":"[9:06:24.087 PM]: Connection[id: 4d44aca4-05be-4396-9217-99abc406591a] - connection object created successfully."}
{"level":"INFO","message":"[9:06:24.087 PM]: Connection[id: 4d44aca4-05be-4396-9217-99abc406591a] - connecting. Associated Snowflake domain: GLOBAL"}
{"level":"INFO","message":"[9:06:24.088 PM]: Connection[id: 4d44aca4-05be-4396-9217-99abc406591a] - authentication successful using: SNOWFLAKE"}
{"level":"INFO","message":"[9:06:24.089 PM]: Trying to initialize Easy Logging"}
{"level":"INFO","message":"[9:06:24.090 PM]: No client config detected."}
{"level":"INFO","message":"[9:06:24.090 PM]: No config file path found. Client config will not be used."}
{"level":"INFO","message":"[9:06:24.091 PM]: Easy Logging is disabled as no config has been found"}
{"level":"INFO","message":"[9:06:24.093 PM]: Connection[id: 4d44aca4-05be-4396-9217-99abc406591a] - connected successfully after 5.6375000000116415 milliseconds"}
{"level":"INFO","message":"[9:11:12.661 PM]: Creating new connection object"}
{"level":"INFO","message":"[9:11:12.668 PM]: Creating Connection[id: fece39eb-baa7-439c-8a67-4d35bc2b4e05] with host: cixxjbf-wp67697.snowflakecomputing.com, account: cixxjbf-wp67697, accessUrl: https://cixxjbf-wp67697.snowflakecomputing.com, user: bwan, password is provided, role: undefined, database: FNF, schema: SAP_FNF, warehouse: DEV_WH, region: undefined, authenticator: SNOWFLAKE, ocsp mode: FAIL_OPEN, os: win32, os version: 10.0.26100"}
{"level":"INFO","message":"[9:11:12.669 PM]: Connection[id: fece39eb-baa7-439c-8a67-4d35bc2b4e05] additional details: passcode in password is provided, passcode is not provided, private key is not provided, application: undefined, client name: snowflake-sdk, client version: 1.15.0, retry timeout: 300, private key path: undefined, private key pass is not provided, client store temporary credential: false, browser response timeout: 120000"}
{"level":"INFO","message":"[9:11:12.669 PM]: Connection[id: fece39eb-baa7-439c-8a67-4d35bc2b4e05] - connection object created successfully."}
{"level":"INFO","message":"[9:11:12.670 PM]: Connection[id: fece39eb-baa7-439c-8a67-4d35bc2b4e05] - connecting. Associated Snowflake domain: GLOBAL"}
{"level":"INFO","message":"[9:11:12.670 PM]: Connection[id: fece39eb-baa7-439c-8a67-4d35bc2b4e05] - authentication successful using: SNOWFLAKE"}
{"level":"INFO","message":"[9:11:12.671 PM]: Trying to initialize Easy Logging"}
{"level":"INFO","message":"[9:11:12.681 PM]: No client config detected."}
{"level":"INFO","message":"[9:11:12.681 PM]: No config file path found. Client config will not be used."}
{"level":"INFO","message":"[9:11:12.681 PM]: Easy Logging is disabled as no config has been found"}
{"level":"INFO","message":"[9:11:12.684 PM]: Connection[id: fece39eb-baa7-439c-8a67-4d35bc2b4e05] - connected successfully after 13.59260000003269 milliseconds"}
{"level":"INFO","message":"[10:37:30.600 PM]: Creating new connection object"}
{"level":"INFO","message":"[10:37:30.607 PM]: Creating Connection[id: a29c392d-627b-4527-8708-28071eaa9593] with host: cixxjbf-wp67697.snowflakecomputing.com, account: cixxjbf-wp67697, accessUrl: https://cixxjbf-wp67697.snowflakecomputing.com, user: bwan, password is provided, role: undefined, database: FNF, schema: SAP_FNF, warehouse: DEV_WH, region: undefined, authenticator: SNOWFLAKE, ocsp mode: FAIL_OPEN, os: win32, os version: 10.0.26100"}
{"level":"INFO","message":"[10:37:30.608 PM]: Connection[id: a29c392d-627b-4527-8708-28071eaa9593] additional details: passcode in password is provided, passcode is not provided, private key is not provided, application: undefined, client name: snowflake-sdk, client version: 1.15.0, retry timeout: 300, private key path: undefined, private key pass is not provided, client store temporary credential: false, browser response timeout: 120000"}
{"level":"INFO","message":"[10:37:30.608 PM]: Connection[id: a29c392d-627b-4527-8708-28071eaa9593] - connection object created successfully."}
{"level":"INFO","message":"[10:37:30.609 PM]: Connection[id: a29c392d-627b-4527-8708-28071eaa9593] - connecting. Associated Snowflake domain: GLOBAL"}
{"level":"INFO","message":"[10:37:30.609 PM]: Connection[id: a29c392d-627b-4527-8708-28071eaa9593] - authentication successful using: SNOWFLAKE"}
{"level":"INFO","message":"[10:37:30.610 PM]: Trying to initialize Easy Logging"}
{"level":"INFO","message":"[10:37:30.611 PM]: No client config detected."}
{"level":"INFO","message":"[10:37:30.612 PM]: No config file path found. Client config will not be used."}
{"level":"INFO","message":"[10:37:30.612 PM]: Easy Logging is disabled as no config has been found"}
{"level":"INFO","message":"[10:37:30.614 PM]: Connection[id: a29c392d-627b-4527-8708-28071eaa9593] - connected successfully after 5.504000000655651 milliseconds"}
{"level":"INFO","message":"[10:54:30.943 PM]: Creating new connection object"}
{"level":"INFO","message":"[10:54:30.950 PM]: Creating Connection[id: 192074ea-d1c3-462e-8e3a-5c6f8341ad4d] with host: cixxjbf-wp67697.snowflakecomputing.com, account: cixxjbf-wp67697, accessUrl: https://cixxjbf-wp67697.snowflakecomputing.com, user: bwan, password is provided, role: undefined, database: FNF, schema: SAP_FNF, warehouse: DEV_WH, region: undefined, authenticator: SNOWFLAKE, ocsp mode: FAIL_OPEN, os: win32, os version: 10.0.26100"}
{"level":"INFO","message":"[10:54:30.950 PM]: Connection[id: 192074ea-d1c3-462e-8e3a-5c6f8341ad4d] additional details: passcode in password is provided, passcode is not provided, private key is not provided, application: undefined, client name: snowflake-sdk, client version: 1.15.0, retry timeout: 300, private key path: undefined, private key pass is not provided, client store temporary credential: false, browser response timeout: 120000"}
{"level":"INFO","message":"[10:54:30.951 PM]: Connection[id: 192074ea-d1c3-462e-8e3a-5c6f8341ad4d] - connection object created successfully."}
{"level":"INFO","message":"[10:54:30.951 PM]: Connection[id: 192074ea-d1c3-462e-8e3a-5c6f8341ad4d] - connecting. Associated Snowflake domain: GLOBAL"}
{"level":"INFO","message":"[10:54:30.952 PM]: Connection[id: 192074ea-d1c3-462e-8e3a-5c6f8341ad4d] - authentication successful using: SNOWFLAKE"}
{"level":"INFO","message":"[10:54:30.952 PM]: Trying to initialize Easy Logging"}
{"level":"INFO","message":"[10:54:30.954 PM]: No client config detected."}
{"level":"INFO","message":"[10:54:30.954 PM]: No config file path found. Client config will not be used."}
{"level":"INFO","message":"[10:54:30.954 PM]: Easy Logging is disabled as no config has been found"}
{"level":"INFO","message":"[10:54:30.958 PM]: Connection[id: 192074ea-d1c3-462e-8e3a-5c6f8341ad4d] - connected successfully after 6.504899999999907 milliseconds"}
{"level":"INFO","message":"[10:56:32.104 PM]: Creating new connection object"}
{"level":"INFO","message":"[10:56:32.114 PM]: Creating Connection[id: 00cb359e-e8b5-4394-b6ad-95987d6616e6] with host: cixxjbf-wp67697.snowflakecomputing.com, account: cixxjbf-wp67697, accessUrl: https://cixxjbf-wp67697.snowflakecomputing.com, user: bwan, password is provided, role: undefined, database: FNF, schema: SAP_FNF, warehouse: DEV_WH, region: undefined, authenticator: SNOWFLAKE, ocsp mode: FAIL_OPEN, os: win32, os version: 10.0.26100"}
{"level":"INFO","message":"[10:56:32.115 PM]: Connection[id: 00cb359e-e8b5-4394-b6ad-95987d6616e6] additional details: passcode in password is provided, passcode is not provided, private key is not provided, application: undefined, client name: snowflake-sdk, client version: 1.15.0, retry timeout: 300, private key path: undefined, private key pass is not provided, client store temporary credential: false, browser response timeout: 120000"}
{"level":"INFO","message":"[10:56:32.115 PM]: Connection[id: 00cb359e-e8b5-4394-b6ad-95987d6616e6] - connection object created successfully."}
{"level":"INFO","message":"[10:56:32.115 PM]: Connection[id: 00cb359e-e8b5-4394-b6ad-95987d6616e6] - connecting. Associated Snowflake domain: GLOBAL"}
{"level":"INFO","message":"[10:56:32.116 PM]: Connection[id: 00cb359e-e8b5-4394-b6ad-95987d6616e6] - authentication successful using: SNOWFLAKE"}
{"level":"INFO","message":"[10:56:32.116 PM]: Trying to initialize Easy Logging"}
{"level":"INFO","message":"[10:56:32.118 PM]: No client config detected."}
{"level":"INFO","message":"[10:56:32.119 PM]: No config file path found. Client config will not be used."}
{"level":"INFO","message":"[10:56:32.119 PM]: Easy Logging is disabled as no config has been found"}
{"level":"INFO","message":"[10:56:32.126 PM]: Connection[id: 00cb359e-e8b5-4394-b6ad-95987d6616e6] - connected successfully after 11.047300000005635 milliseconds"}
{"level":"INFO","message":"[8:21:59.508 AM]: Creating new connection object"}
{"level":"INFO","message":"[8:21:59.515 AM]: Creating Connection[id: 3b28f5f3-9855-41c9-bafb-cc7c4e8f780e] with host: cixxjbf-wp67697.snowflakecomputing.com, account: cixxjbf-wp67697, accessUrl: https://cixxjbf-wp67697.snowflakecomputing.com, user: bwan, password is provided, role: undefined, database: FNF, schema: SAP_FNF, warehouse: DEV_WH, region: undefined, authenticator: SNOWFLAKE, ocsp mode: FAIL_OPEN, os: win32, os version: 10.0.26100"}
{"level":"INFO","message":"[8:21:59.515 AM]: Connection[id: 3b28f5f3-9855-41c9-bafb-cc7c4e8f780e] additional details: passcode in password is provided, passcode is not provided, private key is not provided, application: undefined, client name: snowflake-sdk, client version: 1.15.0, retry timeout: 300, private key path: undefined, private key pass is not provided, client store temporary credential: false, browser response timeout: 120000"}
{"level":"INFO","message":"[8:21:59.516 AM]: Connection[id: 3b28f5f3-9855-41c9-bafb-cc7c4e8f780e] - connection object created successfully."}
{"level":"INFO","message":"[8:21:59.516 AM]: Connection[id: 3b28f5f3-9855-41c9-bafb-cc7c4e8f780e] - connecting. Associated Snowflake domain: GLOBAL"}
{"level":"INFO","message":"[8:21:59.517 AM]: Connection[id: 3b28f5f3-9855-41c9-bafb-cc7c4e8f780e] - authentication successful using: SNOWFLAKE"}
{"level":"INFO","message":"[8:21:59.517 AM]: Trying to initialize Easy Logging"}
{"level":"INFO","message":"[8:21:59.565 AM]: No client config detected."}
{"level":"INFO","message":"[8:21:59.565 AM]: No config file path found. Client config will not be used."}
{"level":"INFO","message":"[8:21:59.565 AM]: Easy Logging is disabled as no config has been found"}
{"level":"INFO","message":"[8:21:59.568 AM]: Connection[id: 3b28f5f3-9855-41c9-bafb-cc7c4e8f780e] - connected successfully after 51.46280000000115 milliseconds"}
{"level":"INFO","message":"[8:21:59.862 AM]: Creating new connection object"}
{"level":"INFO","message":"[8:21:59.863 AM]: Creating Connection[id: 0f9e3b51-ce51-43b5-badd-b912e1648a5b] with host: cixxjbf-wp67697.snowflakecomputing.com, account: cixxjbf-wp67697, accessUrl: https://cixxjbf-wp67697.snowflakecomputing.com, user: bwan, password is provided, role: undefined, database: FNF, schema: SAP_FNF, warehouse: DEV_WH, region: undefined, authenticator: SNOWFLAKE, ocsp mode: FAIL_OPEN, os: win32, os version: 10.0.26100"}
{"level":"INFO","message":"[8:21:59.863 AM]: Connection[id: 0f9e3b51-ce51-43b5-badd-b912e1648a5b] additional details: passcode in password is provided, passcode is not provided, private key is not provided, application: undefined, client name: snowflake-sdk, client version: 1.15.0, retry timeout: 300, private key path: undefined, private key pass is not provided, client store temporary credential: false, browser response timeout: 120000"}
{"level":"INFO","message":"[8:21:59.863 AM]: Connection[id: 0f9e3b51-ce51-43b5-badd-b912e1648a5b] - connection object created successfully."}
{"level":"INFO","message":"[8:21:59.864 AM]: Connection[id: 0f9e3b51-ce51-43b5-badd-b912e1648a5b] - connecting. Associated Snowflake domain: GLOBAL"}
{"level":"INFO","message":"[8:21:59.864 AM]: Connection[id: 0f9e3b51-ce51-43b5-badd-b912e1648a5b] - authentication successful using: SNOWFLAKE"}
{"level":"INFO","message":"[8:21:59.864 AM]: Connection[id: 0f9e3b51-ce51-43b5-badd-b912e1648a5b] - connected successfully after 0.6021999999993568 milliseconds"}
{"level":"INFO","message":"[8:30:06.010 AM]: Creating new connection object"}
{"level":"INFO","message":"[8:30:06.017 AM]: Creating Connection[id: ce186ecc-1b6b-4cfe-832d-5512c13bc458] with host: cixxjbf-wp67697.snowflakecomputing.com, account: cixxjbf-wp67697, accessUrl: https://cixxjbf-wp67697.snowflakecomputing.com, user: bwan, password is provided, role: undefined, database: FNF, schema: SAP_FNF, warehouse: DEV_WH, region: undefined, authenticator: SNOWFLAKE, ocsp mode: FAIL_OPEN, os: win32, os version: 10.0.26100"}
{"level":"INFO","message":"[8:30:06.018 AM]: Connection[id: ce186ecc-1b6b-4cfe-832d-5512c13bc458] additional details: passcode in password is provided, passcode is not provided, private key is not provided, application: undefined, client name: snowflake-sdk, client version: 1.15.0, retry timeout: 300, private key path: undefined, private key pass is not provided, client store temporary credential: false, browser response timeout: 120000"}
{"level":"INFO","message":"[8:30:06.018 AM]: Connection[id: ce186ecc-1b6b-4cfe-832d-5512c13bc458] - connection object created successfully."}
{"level":"INFO","message":"[8:30:06.019 AM]: Connection[id: ce186ecc-1b6b-4cfe-832d-5512c13bc458] - connecting. Associated Snowflake domain: GLOBAL"}
{"level":"INFO","message":"[8:30:06.019 AM]: Connection[id: ce186ecc-1b6b-4cfe-832d-5512c13bc458] - authentication successful using: SNOWFLAKE"}
{"level":"INFO","message":"[8:30:06.020 AM]: Trying to initialize Easy Logging"}
{"level":"INFO","message":"[8:30:06.023 AM]: No client config detected."}
{"level":"INFO","message":"[8:30:06.023 AM]: No config file path found. Client config will not be used."}
{"level":"INFO","message":"[8:30:06.024 AM]: Easy Logging is disabled as no config has been found"}
{"level":"INFO","message":"[8:30:06.027 AM]: Connection[id: ce186ecc-1b6b-4cfe-832d-5512c13bc458] - connected successfully after 8.074200000031851 milliseconds"}
{"level":"INFO","message":"[8:31:49.135 AM]: Creating new connection object"}
{"level":"INFO","message":"[8:31:49.142 AM]: Creating Connection[id: dd691eec-3896-4293-a286-0cb02c1d6620] with host: cixxjbf-wp67697.snowflakecomputing.com, account: cixxjbf-wp67697, accessUrl: https://cixxjbf-wp67697.snowflakecomputing.com, user: bwan, password is provided, role: undefined, database: FNF, schema: SAP_FNF, warehouse: DEV_WH, region: undefined, authenticator: SNOWFLAKE, ocsp mode: FAIL_OPEN, os: win32, os version: 10.0.26100"}
{"level":"INFO","message":"[8:31:49.143 AM]: Connection[id: dd691eec-3896-4293-a286-0cb02c1d6620] additional details: passcode in password is provided, passcode is not provided, private key is not provided, application: undefined, client name: snowflake-sdk, client version: 1.15.0, retry timeout: 300, private key path: undefined, private key pass is not provided, client store temporary credential: false, browser response timeout: 120000"}
{"level":"INFO","message":"[8:31:49.143 AM]: Connection[id: dd691eec-3896-4293-a286-0cb02c1d6620] - connection object created successfully."}
{"level":"INFO","message":"[8:31:49.144 AM]: Connection[id: dd691eec-3896-4293-a286-0cb02c1d6620] - connecting. Associated Snowflake domain: GLOBAL"}
{"level":"INFO","message":"[8:31:49.144 AM]: Connection[id: dd691eec-3896-4293-a286-0cb02c1d6620] - authentication successful using: SNOWFLAKE"}
{"level":"INFO","message":"[8:31:49.145 AM]: Trying to initialize Easy Logging"}
{"level":"INFO","message":"[8:31:49.152 AM]: Creating new connection object"}
{"level":"INFO","message":"[8:31:49.153 AM]: Creating Connection[id: 9051b9bb-d888-458f-ac2c-040469b4e12c] with host: cixxjbf-wp67697.snowflakecomputing.com, account: cixxjbf-wp67697, accessUrl: https://cixxjbf-wp67697.snowflakecomputing.com, user: bwan, password is provided, role: undefined, database: FNF, schema: SAP_FNF, warehouse: DEV_WH, region: undefined, authenticator: SNOWFLAKE, ocsp mode: FAIL_OPEN, os: win32, os version: 10.0.26100"}
{"level":"INFO","message":"[8:31:49.154 AM]: Connection[id: 9051b9bb-d888-458f-ac2c-040469b4e12c] additional details: passcode in password is provided, passcode is not provided, private key is not provided, application: undefined, client name: snowflake-sdk, client version: 1.15.0, retry timeout: 300, private key path: undefined, private key pass is not provided, client store temporary credential: false, browser response timeout: 120000"}
{"level":"INFO","message":"[8:31:49.154 AM]: Connection[id: 9051b9bb-d888-458f-ac2c-040469b4e12c] - connection object created successfully."}
{"level":"INFO","message":"[8:31:49.154 AM]: Connection[id: 9051b9bb-d888-458f-ac2c-040469b4e12c] - connecting. Associated Snowflake domain: GLOBAL"}
{"level":"INFO","message":"[8:31:49.155 AM]: Connection[id: 9051b9bb-d888-458f-ac2c-040469b4e12c] - authentication successful using: SNOWFLAKE"}
{"level":"INFO","message":"[8:31:49.155 AM]: Trying to initialize Easy Logging"}
{"level":"INFO","message":"[8:31:49.156 AM]: No client config detected."}
{"level":"INFO","message":"[8:31:49.157 AM]: No config file path found. Client config will not be used."}
{"level":"INFO","message":"[8:31:49.157 AM]: Easy Logging is disabled as no config has been found"}
{"level":"INFO","message":"[8:31:49.160 AM]: Connection[id: dd691eec-3896-4293-a286-0cb02c1d6620] - connected successfully after 16.54790000000503 milliseconds"}
{"level":"INFO","message":"[8:31:49.166 AM]: No client config detected."}
{"level":"INFO","message":"[8:31:49.167 AM]: No config file path found. Client config will not be used."}
{"level":"INFO","message":"[8:31:49.167 AM]: Easy Logging is disabled as no config has been found"}
{"level":"INFO","message":"[8:31:49.168 AM]: Connection[id: 9051b9bb-d888-458f-ac2c-040469b4e12c] - connected successfully after 13.684899999992922 milliseconds"}
{"level":"INFO","message":"[8:46:16.876 AM]: Creating new connection object"}
{"level":"INFO","message":"[8:46:16.883 AM]: Creating Connection[id: 4e4932c3-77c2-4d3b-88d8-b104d2bcf67f] with host: cixxjbf-wp67697.snowflakecomputing.com, account: cixxjbf-wp67697, accessUrl: https://cixxjbf-wp67697.snowflakecomputing.com, user: bwan, password is provided, role: undefined, database: FNF, schema: SAP_FNF, warehouse: DEV_WH, region: undefined, authenticator: SNOWFLAKE, ocsp mode: FAIL_OPEN, os: win32, os version: 10.0.26100"}
{"level":"INFO","message":"[8:46:16.884 AM]: Connection[id: 4e4932c3-77c2-4d3b-88d8-b104d2bcf67f] additional details: passcode in password is provided, passcode is not provided, private key is not provided, application: undefined, client name: snowflake-sdk, client version: 1.15.0, retry timeout: 300, private key path: undefined, private key pass is not provided, client store temporary credential: false, browser response timeout: 120000"}
{"level":"INFO","message":"[8:46:16.885 AM]: Connection[id: 4e4932c3-77c2-4d3b-88d8-b104d2bcf67f] - connection object created successfully."}
{"level":"INFO","message":"[8:46:16.885 AM]: Connection[id: 4e4932c3-77c2-4d3b-88d8-b104d2bcf67f] - connecting. Associated Snowflake domain: GLOBAL"}
{"level":"INFO","message":"[8:46:16.886 AM]: Connection[id: 4e4932c3-77c2-4d3b-88d8-b104d2bcf67f] - authentication successful using: SNOWFLAKE"}
{"level":"INFO","message":"[8:46:16.886 AM]: Trying to initialize Easy Logging"}
{"level":"INFO","message":"[8:46:16.888 AM]: No client config detected."}
{"level":"INFO","message":"[8:46:16.888 AM]: No config file path found. Client config will not be used."}
{"level":"INFO","message":"[8:46:16.889 AM]: Easy Logging is disabled as no config has been found"}
{"level":"INFO","message":"[8:46:16.891 AM]: Connection[id: 4e4932c3-77c2-4d3b-88d8-b104d2bcf67f] - connected successfully after 5.928300000028685 milliseconds"}
{"level":"INFO","message":"[8:51:01.143 AM]: Creating new connection object"}
{"level":"INFO","message":"[8:51:01.149 AM]: Creating Connection[id: 34baefcf-a2ba-4848-b5ad-ff352ad02e1f] with host: cixxjbf-wp67697.snowflakecomputing.com, account: cixxjbf-wp67697, accessUrl: https://cixxjbf-wp67697.snowflakecomputing.com, user: bwan, password is provided, role: undefined, database: FNF, schema: SAP_FNF, warehouse: DEV_WH, region: undefined, authenticator: SNOWFLAKE, ocsp mode: FAIL_OPEN, os: win32, os version: 10.0.26100"}
{"level":"INFO","message":"[8:51:01.150 AM]: Connection[id: 34baefcf-a2ba-4848-b5ad-ff352ad02e1f] additional details: passcode in password is provided, passcode is not provided, private key is not provided, application: undefined, client name: snowflake-sdk, client version: 1.15.0, retry timeout: 300, private key path: undefined, private key pass is not provided, client store temporary credential: false, browser response timeout: 120000"}
{"level":"INFO","message":"[8:51:01.151 AM]: Connection[id: 34baefcf-a2ba-4848-b5ad-ff352ad02e1f] - connection object created successfully."}
{"level":"INFO","message":"[8:51:01.151 AM]: Connection[id: 34baefcf-a2ba-4848-b5ad-ff352ad02e1f] - connecting. Associated Snowflake domain: GLOBAL"}
{"level":"INFO","message":"[8:51:01.151 AM]: Connection[id: 34baefcf-a2ba-4848-b5ad-ff352ad02e1f] - authentication successful using: SNOWFLAKE"}
{"level":"INFO","message":"[8:51:01.152 AM]: Trying to initialize Easy Logging"}
{"level":"INFO","message":"[8:51:01.174 AM]: No client config detected."}
{"level":"INFO","message":"[8:51:01.174 AM]: No config file path found. Client config will not be used."}
{"level":"INFO","message":"[8:51:01.175 AM]: Easy Logging is disabled as no config has been found"}
{"level":"INFO","message":"[8:51:01.178 AM]: Connection[id: 34baefcf-a2ba-4848-b5ad-ff352ad02e1f] - connected successfully after 26.529200000000856 milliseconds"}
{"level":"INFO","message":"[8:54:58.193 AM]: Creating new connection object"}
{"level":"INFO","message":"[8:54:58.201 AM]: Creating Connection[id: 4f723fae-5643-4d4e-b1c5-949a6cb5f692] with host: cixxjbf-wp67697.snowflakecomputing.com, account: cixxjbf-wp67697, accessUrl: https://cixxjbf-wp67697.snowflakecomputing.com, user: bwan, password is provided, role: undefined, database: FNF, schema: SAP_FNF, warehouse: DEV_WH, region: undefined, authenticator: SNOWFLAKE, ocsp mode: FAIL_OPEN, os: win32, os version: 10.0.26100"}
{"level":"INFO","message":"[8:54:58.202 AM]: Connection[id: 4f723fae-5643-4d4e-b1c5-949a6cb5f692] additional details: passcode in password is provided, passcode is not provided, private key is not provided, application: undefined, client name: snowflake-sdk, client version: 1.15.0, retry timeout: 300, private key path: undefined, private key pass is not provided, client store temporary credential: false, browser response timeout: 120000"}
{"level":"INFO","message":"[8:54:58.202 AM]: Connection[id: 4f723fae-5643-4d4e-b1c5-949a6cb5f692] - connection object created successfully."}
{"level":"INFO","message":"[8:54:58.203 AM]: Connection[id: 4f723fae-5643-4d4e-b1c5-949a6cb5f692] - connecting. Associated Snowflake domain: GLOBAL"}
{"level":"INFO","message":"[8:54:58.204 AM]: Connection[id: 4f723fae-5643-4d4e-b1c5-949a6cb5f692] - authentication successful using: SNOWFLAKE"}
{"level":"INFO","message":"[8:54:58.205 AM]: Trying to initialize Easy Logging"}
{"level":"INFO","message":"[8:54:58.206 AM]: No client config detected."}
{"level":"INFO","message":"[8:54:58.207 AM]: No config file path found. Client config will not be used."}
{"level":"INFO","message":"[8:54:58.207 AM]: Easy Logging is disabled as no config has been found"}
{"level":"INFO","message":"[8:54:58.209 AM]: Connection[id: 4f723fae-5643-4d4e-b1c5-949a6cb5f692] - connected successfully after 6.441400000127032 milliseconds"}
{"level":"INFO","message":"[8:55:05.025 AM]: Creating new connection object"}
{"level":"INFO","message":"[8:55:05.032 AM]: Creating Connection[id: 0e3d53e5-b202-4dbc-8834-c4016be5cdd8] with host: cixxjbf-wp67697.snowflakecomputing.com, account: cixxjbf-wp67697, accessUrl: https://cixxjbf-wp67697.snowflakecomputing.com, user: bwan, password is provided, role: undefined, database: FNF, schema: SAP_FNF, warehouse: DEV_WH, region: undefined, authenticator: SNOWFLAKE, ocsp mode: FAIL_OPEN, os: win32, os version: 10.0.26100"}
{"level":"INFO","message":"[8:55:05.033 AM]: Connection[id: 0e3d53e5-b202-4dbc-8834-c4016be5cdd8] additional details: passcode in password is provided, passcode is not provided, private key is not provided, application: undefined, client name: snowflake-sdk, client version: 1.15.0, retry timeout: 300, private key path: undefined, private key pass is not provided, client store temporary credential: false, browser response timeout: 120000"}
{"level":"INFO","message":"[8:55:05.033 AM]: Connection[id: 0e3d53e5-b202-4dbc-8834-c4016be5cdd8] - connection object created successfully."}
{"level":"INFO","message":"[8:55:05.034 AM]: Connection[id: 0e3d53e5-b202-4dbc-8834-c4016be5cdd8] - connecting. Associated Snowflake domain: GLOBAL"}
{"level":"INFO","message":"[8:55:05.035 AM]: Connection[id: 0e3d53e5-b202-4dbc-8834-c4016be5cdd8] - authentication successful using: SNOWFLAKE"}
{"level":"INFO","message":"[8:55:05.035 AM]: Trying to initialize Easy Logging"}
{"level":"INFO","message":"[8:55:05.044 AM]: No client config detected."}
{"level":"INFO","message":"[8:55:05.045 AM]: No config file path found. Client config will not be used."}
{"level":"INFO","message":"[8:55:05.045 AM]: Easy Logging is disabled as no config has been found"}
{"level":"INFO","message":"[8:55:05.047 AM]: Connection[id: 0e3d53e5-b202-4dbc-8834-c4016be5cdd8] - connected successfully after 13.043799999868497 milliseconds"}
{"level":"INFO","message":"[9:05:15.287 AM]: Creating new connection object"}
{"level":"INFO","message":"[9:05:15.295 AM]: Creating Connection[id: d5c7d938-1a66-4463-8798-3dc44ff1149e] with host: cixxjbf-wp67697.snowflakecomputing.com, account: cixxjbf-wp67697, accessUrl: https://cixxjbf-wp67697.snowflakecomputing.com, user: bwan, password is provided, role: undefined, database: FNF, schema: SAP_FNF, warehouse: DEV_WH, region: undefined, authenticator: SNOWFLAKE, ocsp mode: FAIL_OPEN, os: win32, os version: 10.0.26100"}
{"level":"INFO","message":"[9:05:15.296 AM]: Connection[id: d5c7d938-1a66-4463-8798-3dc44ff1149e] additional details: passcode in password is provided, passcode is not provided, private key is not provided, application: undefined, client name: snowflake-sdk, client version: 1.15.0, retry timeout: 300, private key path: undefined, private key pass is not provided, client store temporary credential: false, browser response timeout: 120000"}
{"level":"INFO","message":"[9:05:15.296 AM]: Connection[id: d5c7d938-1a66-4463-8798-3dc44ff1149e] - connection object created successfully."}
{"level":"INFO","message":"[9:05:15.297 AM]: Connection[id: d5c7d938-1a66-4463-8798-3dc44ff1149e] - connecting. Associated Snowflake domain: GLOBAL"}
{"level":"INFO","message":"[9:05:15.298 AM]: Connection[id: d5c7d938-1a66-4463-8798-3dc44ff1149e] - authentication successful using: SNOWFLAKE"}
{"level":"INFO","message":"[9:05:15.298 AM]: Trying to initialize Easy Logging"}
{"level":"INFO","message":"[9:05:15.302 AM]: No client config detected."}
{"level":"INFO","message":"[9:05:15.302 AM]: No config file path found. Client config will not be used."}
{"level":"INFO","message":"[9:05:15.303 AM]: Easy Logging is disabled as no config has been found"}
{"level":"INFO","message":"[9:05:15.307 AM]: Connection[id: d5c7d938-1a66-4463-8798-3dc44ff1149e] - connected successfully after 10.364200000069104 milliseconds"}
{"level":"INFO","message":"[9:43:11.229 AM]: Creating new connection object"}
{"level":"INFO","message":"[9:43:11.238 AM]: Creating Connection[id: 65fb4db6-f1d6-41b0-98d2-0fb258ebc170] with host: cixxjbf-wp67697.snowflakecomputing.com, account: cixxjbf-wp67697, accessUrl: https://cixxjbf-wp67697.snowflakecomputing.com, user: bwan, password is provided, role: undefined, database: FNF, schema: SAP_FNF, warehouse: DEV_WH, region: undefined, authenticator: SNOWFLAKE, ocsp mode: FAIL_OPEN, os: win32, os version: 10.0.26100"}
{"level":"INFO","message":"[9:43:11.239 AM]: Connection[id: 65fb4db6-f1d6-41b0-98d2-0fb258ebc170] additional details: passcode in password is provided, passcode is not provided, private key is not provided, application: undefined, client name: snowflake-sdk, client version: 1.15.0, retry timeout: 300, private key path: undefined, private key pass is not provided, client store temporary credential: false, browser response timeout: 120000"}
{"level":"INFO","message":"[9:43:11.240 AM]: Connection[id: 65fb4db6-f1d6-41b0-98d2-0fb258ebc170] - connection object created successfully."}
{"level":"INFO","message":"[9:43:11.241 AM]: Connection[id: 65fb4db6-f1d6-41b0-98d2-0fb258ebc170] - connecting. Associated Snowflake domain: GLOBAL"}
{"level":"INFO","message":"[9:43:11.242 AM]: Connection[id: 65fb4db6-f1d6-41b0-98d2-0fb258ebc170] - authentication successful using: SNOWFLAKE"}
{"level":"INFO","message":"[9:43:11.242 AM]: Trying to initialize Easy Logging"}
{"level":"INFO","message":"[9:43:11.244 AM]: No client config detected."}
{"level":"INFO","message":"[9:43:11.245 AM]: No config file path found. Client config will not be used."}
{"level":"INFO","message":"[9:43:11.245 AM]: Easy Logging is disabled as no config has been found"}
{"level":"INFO","message":"[9:43:11.248 AM]: Connection[id: 65fb4db6-f1d6-41b0-98d2-0fb258ebc170] - connected successfully after 7.094099999405444 milliseconds"}
{"level":"INFO","message":"[9:44:26.358 AM]: Creating new connection object"}
{"level":"INFO","message":"[9:44:26.375 AM]: Creating Connection[id: 883337ed-5ccc-4806-afa6-9537d651941f] with host: cixxjbf-wp67697.snowflakecomputing.com, account: cixxjbf-wp67697, accessUrl: https://cixxjbf-wp67697.snowflakecomputing.com, user: bwan, password is provided, role: undefined, database: FNF, schema: SAP_FNF, warehouse: DEV_WH, region: undefined, authenticator: SNOWFLAKE, ocsp mode: FAIL_OPEN, os: win32, os version: 10.0.26100"}
{"level":"INFO","message":"[9:44:26.377 AM]: Connection[id: 883337ed-5ccc-4806-afa6-9537d651941f] additional details: passcode in password is provided, passcode is not provided, private key is not provided, application: undefined, client name: snowflake-sdk, client version: 1.15.0, retry timeout: 300, private key path: undefined, private key pass is not provided, client store temporary credential: false, browser response timeout: 120000"}
{"level":"INFO","message":"[9:44:26.378 AM]: Connection[id: 883337ed-5ccc-4806-afa6-9537d651941f] - connection object created successfully."}
{"level":"INFO","message":"[9:44:26.379 AM]: Connection[id: 883337ed-5ccc-4806-afa6-9537d651941f] - connecting. Associated Snowflake domain: GLOBAL"}
{"level":"INFO","message":"[9:44:26.381 AM]: Connection[id: 883337ed-5ccc-4806-afa6-9537d651941f] - authentication successful using: SNOWFLAKE"}
{"level":"INFO","message":"[9:44:26.382 AM]: Trying to initialize Easy Logging"}
{"level":"INFO","message":"[9:44:26.406 AM]: No client config detected."}
{"level":"INFO","message":"[9:44:26.409 AM]: No config file path found. Client config will not be used."}
{"level":"INFO","message":"[9:44:26.425 AM]: Easy Logging is disabled as no config has been found"}
{"level":"INFO","message":"[9:44:26.450 AM]: Connection[id: 883337ed-5ccc-4806-afa6-9537d651941f] - connected successfully after 70.49209999945015 milliseconds"}
{"level":"INFO","message":"[9:44:26.679 AM]: Creating new connection object"}
{"level":"INFO","message":"[9:44:26.694 AM]: Creating Connection[id: 5d34d9f9-ffbc-464b-827f-02ac556e3d46] with host: cixxjbf-wp67697.snowflakecomputing.com, account: cixxjbf-wp67697, accessUrl: https://cixxjbf-wp67697.snowflakecomputing.com, user: bwan, password is provided, role: undefined, database: FNF, schema: SAP_FNF, warehouse: DEV_WH, region: undefined, authenticator: SNOWFLAKE, ocsp mode: FAIL_OPEN, os: win32, os version: 10.0.26100"}
{"level":"INFO","message":"[9:44:26.695 AM]: Connection[id: 5d34d9f9-ffbc-464b-827f-02ac556e3d46] additional details: passcode in password is provided, passcode is not provided, private key is not provided, application: undefined, client name: snowflake-sdk, client version: 1.15.0, retry timeout: 300, private key path: undefined, private key pass is not provided, client store temporary credential: false, browser response timeout: 120000"}
{"level":"INFO","message":"[9:44:26.696 AM]: Connection[id: 5d34d9f9-ffbc-464b-827f-02ac556e3d46] - connection object created successfully."}
{"level":"INFO","message":"[9:44:26.697 AM]: Connection[id: 5d34d9f9-ffbc-464b-827f-02ac556e3d46] - connecting. Associated Snowflake domain: GLOBAL"}
{"level":"INFO","message":"[9:44:26.697 AM]: Connection[id: 5d34d9f9-ffbc-464b-827f-02ac556e3d46] - authentication successful using: SNOWFLAKE"}
{"level":"INFO","message":"[9:44:26.698 AM]: Trying to initialize Easy Logging"}
{"level":"INFO","message":"[9:44:26.727 AM]: No client config detected."}
{"level":"INFO","message":"[9:44:26.728 AM]: No config file path found. Client config will not be used."}
{"level":"INFO","message":"[9:44:26.728 AM]: Easy Logging is disabled as no config has been found"}
{"level":"INFO","message":"[9:44:26.732 AM]: Connection[id: 5d34d9f9-ffbc-464b-827f-02ac556e3d46] - connected successfully after 35.72500000009313 milliseconds"}
{"level":"INFO","message":"[9:44:53.522 AM]: Creating new connection object"}
{"level":"INFO","message":"[9:44:53.527 AM]: Creating Connection[id: fbe91a89-0168-4b21-ab15-5ddf730c325d] with host: cixxjbf-wp67697.snowflakecomputing.com, account: cixxjbf-wp67697, accessUrl: https://cixxjbf-wp67697.snowflakecomputing.com, user: bwan, password is provided, role: undefined, database: FNF, schema: SAP_FNF, warehouse: DEV_WH, region: undefined, authenticator: SNOWFLAKE, ocsp mode: FAIL_OPEN, os: win32, os version: 10.0.26100"}
{"level":"INFO","message":"[9:44:53.527 AM]: Connection[id: fbe91a89-0168-4b21-ab15-5ddf730c325d] additional details: passcode in password is provided, passcode is not provided, private key is not provided, application: undefined, client name: snowflake-sdk, client version: 1.15.0, retry timeout: 300, private key path: undefined, private key pass is not provided, client store temporary credential: false, browser response timeout: 120000"}
{"level":"INFO","message":"[9:44:53.528 AM]: Connection[id: fbe91a89-0168-4b21-ab15-5ddf730c325d] - connection object created successfully."}
{"level":"INFO","message":"[9:44:53.528 AM]: Connection[id: fbe91a89-0168-4b21-ab15-5ddf730c325d] - connecting. Associated Snowflake domain: GLOBAL"}
{"level":"INFO","message":"[9:44:53.528 AM]: Connection[id: fbe91a89-0168-4b21-ab15-5ddf730c325d] - authentication successful using: SNOWFLAKE"}
{"level":"INFO","message":"[9:44:53.528 AM]: Trying to initialize Easy Logging"}
{"level":"INFO","message":"[9:44:53.529 AM]: No client config detected."}
{"level":"INFO","message":"[9:44:53.530 AM]: No config file path found. Client config will not be used."}
{"level":"INFO","message":"[9:44:53.530 AM]: Easy Logging is disabled as no config has been found"}
{"level":"INFO","message":"[9:44:53.531 AM]: Connection[id: fbe91a89-0168-4b21-ab15-5ddf730c325d] - connected successfully after 3.0663999998942018 milliseconds"}
{"level":"INFO","message":"[9:58:35.795 AM]: Creating new connection object"}
{"level":"INFO","message":"[9:58:35.803 AM]: Creating Connection[id: 76da44a4-fbbd-4b6d-b05d-1eff69ea68bf] with host: cixxjbf-wp67697.snowflakecomputing.com, account: cixxjbf-wp67697, accessUrl: https://cixxjbf-wp67697.snowflakecomputing.com, user: bwan, password is provided, role: undefined, database: FNF, schema: SAP_FNF, warehouse: DEV_WH, region: undefined, authenticator: SNOWFLAKE, ocsp mode: FAIL_OPEN, os: win32, os version: 10.0.26100"}
{"level":"INFO","message":"[9:58:35.803 AM]: Connection[id: 76da44a4-fbbd-4b6d-b05d-1eff69ea68bf] additional details: passcode in password is provided, passcode is not provided, private key is not provided, application: undefined, client name: snowflake-sdk, client version: 1.15.0, retry timeout: 300, private key path: undefined, private key pass is not provided, client store temporary credential: false, browser response timeout: 120000"}
{"level":"INFO","message":"[9:58:35.804 AM]: Connection[id: 76da44a4-fbbd-4b6d-b05d-1eff69ea68bf] - connection object created successfully."}
{"level":"INFO","message":"[9:58:35.804 AM]: Connection[id: 76da44a4-fbbd-4b6d-b05d-1eff69ea68bf] - connecting. Associated Snowflake domain: GLOBAL"}
{"level":"INFO","message":"[9:58:35.805 AM]: Connection[id: 76da44a4-fbbd-4b6d-b05d-1eff69ea68bf] - authentication successful using: SNOWFLAKE"}
{"level":"INFO","message":"[9:58:35.806 AM]: Trying to initialize Easy Logging"}
{"level":"INFO","message":"[9:58:35.807 AM]: No client config detected."}
{"level":"INFO","message":"[9:58:35.808 AM]: No config file path found. Client config will not be used."}
{"level":"INFO","message":"[9:58:35.808 AM]: Easy Logging is disabled as no config has been found"}
{"level":"INFO","message":"[9:58:35.810 AM]: Connection[id: 76da44a4-fbbd-4b6d-b05d-1eff69ea68bf] - connected successfully after 6.112700000405312 milliseconds"}
{"level":"INFO","message":"[9:59:14.304 AM]: Creating new connection object"}
{"level":"INFO","message":"[9:59:14.317 AM]: Creating Connection[id: 36c7ce17-48d6-4c70-91d1-83305e9c08c8] with host: cixxjbf-wp67697.snowflakecomputing.com, account: cixxjbf-wp67697, accessUrl: https://cixxjbf-wp67697.snowflakecomputing.com, user: bwan, password is provided, role: undefined, database: FNF, schema: SAP_FNF, warehouse: DEV_WH, region: undefined, authenticator: SNOWFLAKE, ocsp mode: FAIL_OPEN, os: win32, os version: 10.0.26100"}
{"level":"INFO","message":"[9:59:14.318 AM]: Connection[id: 36c7ce17-48d6-4c70-91d1-83305e9c08c8] additional details: passcode in password is provided, passcode is not provided, private key is not provided, application: undefined, client name: snowflake-sdk, client version: 1.15.0, retry timeout: 300, private key path: undefined, private key pass is not provided, client store temporary credential: false, browser response timeout: 120000"}
{"level":"INFO","message":"[9:59:14.319 AM]: Connection[id: 36c7ce17-48d6-4c70-91d1-83305e9c08c8] - connection object created successfully."}
{"level":"INFO","message":"[9:59:14.320 AM]: Connection[id: 36c7ce17-48d6-4c70-91d1-83305e9c08c8] - connecting. Associated Snowflake domain: GLOBAL"}
{"level":"INFO","message":"[9:59:14.320 AM]: Connection[id: 36c7ce17-48d6-4c70-91d1-83305e9c08c8] - authentication successful using: SNOWFLAKE"}
{"level":"INFO","message":"[9:59:14.321 AM]: Trying to initialize Easy Logging"}
{"level":"INFO","message":"[9:59:14.323 AM]: No client config detected."}
{"level":"INFO","message":"[9:59:14.324 AM]: No config file path found. Client config will not be used."}
{"level":"INFO","message":"[9:59:14.325 AM]: Easy Logging is disabled as no config has been found"}
{"level":"INFO","message":"[9:59:14.328 AM]: Connection[id: 36c7ce17-48d6-4c70-91d1-83305e9c08c8] - connected successfully after 8.473099999595433 milliseconds"}
{"level":"INFO","message":"[10:11:56.436 AM]: Creating new connection object"}
{"level":"INFO","message":"[10:11:56.444 AM]: Creating Connection[id: e71d3daf-5316-47e6-a3a8-bdad18ada4ae] with host: cixxjbf-wp67697.snowflakecomputing.com, account: cixxjbf-wp67697, accessUrl: https://cixxjbf-wp67697.snowflakecomputing.com, user: bwan, password is provided, role: undefined, database: FNF, schema: SAP_FNF, warehouse: DEV_WH, region: undefined, authenticator: SNOWFLAKE, ocsp mode: FAIL_OPEN, os: win32, os version: 10.0.26100"}
{"level":"INFO","message":"[10:11:56.444 AM]: Connection[id: e71d3daf-5316-47e6-a3a8-bdad18ada4ae] additional details: passcode in password is provided, passcode is not provided, private key is not provided, application: undefined, client name: snowflake-sdk, client version: 1.15.0, retry timeout: 300, private key path: undefined, private key pass is not provided, client store temporary credential: false, browser response timeout: 120000"}
{"level":"INFO","message":"[10:11:56.445 AM]: Connection[id: e71d3daf-5316-47e6-a3a8-bdad18ada4ae] - connection object created successfully."}
{"level":"INFO","message":"[10:11:56.445 AM]: Connection[id: e71d3daf-5316-47e6-a3a8-bdad18ada4ae] - connecting. Associated Snowflake domain: GLOBAL"}
{"level":"INFO","message":"[10:11:56.445 AM]: Connection[id: e71d3daf-5316-47e6-a3a8-bdad18ada4ae] - authentication successful using: SNOWFLAKE"}
{"level":"INFO","message":"[10:11:56.446 AM]: Trying to initialize Easy Logging"}
{"level":"INFO","message":"[10:11:56.447 AM]: No client config detected."}
{"level":"INFO","message":"[10:11:56.448 AM]: No config file path found. Client config will not be used."}
{"level":"INFO","message":"[10:11:56.448 AM]: Easy Logging is disabled as no config has been found"}
{"level":"INFO","message":"[10:11:56.450 AM]: Connection[id: e71d3daf-5316-47e6-a3a8-bdad18ada4ae] - connected successfully after 5.333800000138581 milliseconds"}
{"level":"INFO","message":"[10:13:16.387 AM]: Creating new connection object"}
{"level":"INFO","message":"[10:13:16.399 AM]: Creating Connection[id: 06f2b823-55e6-4eb2-ba6d-4e2737c32df8] with host: cixxjbf-wp67697.snowflakecomputing.com, account: cixxjbf-wp67697, accessUrl: https://cixxjbf-wp67697.snowflakecomputing.com, user: bwan, password is provided, role: undefined, database: FNF, schema: SAP_FNF, warehouse: DEV_WH, region: undefined, authenticator: SNOWFLAKE, ocsp mode: FAIL_OPEN, os: win32, os version: 10.0.26100"}
{"level":"INFO","message":"[10:13:16.400 AM]: Connection[id: 06f2b823-55e6-4eb2-ba6d-4e2737c32df8] additional details: passcode in password is provided, passcode is not provided, private key is not provided, application: undefined, client name: snowflake-sdk, client version: 1.15.0, retry timeout: 300, private key path: undefined, private key pass is not provided, client store temporary credential: false, browser response timeout: 120000"}
{"level":"INFO","message":"[10:13:16.401 AM]: Connection[id: 06f2b823-55e6-4eb2-ba6d-4e2737c32df8] - connection object created successfully."}
{"level":"INFO","message":"[10:13:16.401 AM]: Connection[id: 06f2b823-55e6-4eb2-ba6d-4e2737c32df8] - connecting. Associated Snowflake domain: GLOBAL"}
{"level":"INFO","message":"[10:13:16.402 AM]: Connection[id: 06f2b823-55e6-4eb2-ba6d-4e2737c32df8] - authentication successful using: SNOWFLAKE"}
{"level":"INFO","message":"[10:13:16.402 AM]: Trying to initialize Easy Logging"}
{"level":"INFO","message":"[10:13:16.414 AM]: No client config detected."}
{"level":"INFO","message":"[10:13:16.415 AM]: No config file path found. Client config will not be used."}
{"level":"INFO","message":"[10:13:16.415 AM]: Easy Logging is disabled as no config has been found"}
{"level":"INFO","message":"[10:13:16.418 AM]: Connection[id: 06f2b823-55e6-4eb2-ba6d-4e2737c32df8] - connected successfully after 16.869100000709295 milliseconds"}
